This is pdfTeX, Version 3.14159265-2.6-1.40.15 (MiKTeX 2.9 64-bit) (preloaded format=pdflatex 2015.8.21)  23 FEB 2016 13:34
entering extended mode
**SS330_Main.tex
(SS330_Main.tex
LaTeX2e <2014/05/01>
Babel <3.9l> and hyphenation patterns for 68 languages loaded.
(C:\Users\Chantell.Wetzel\Documents\Latex\tex\latex\base\article.cls
Document Class: article 2014/09/29 v1.4h Standard LaTeX document class
(C:\Users\Chantell.Wetzel\Documents\Latex\tex\latex\base\size12.clo
File: size12.clo 2014/09/29 v1.4h Standard LaTeX file (size option)
)
\c@part=\count79
\c@section=\count80
\c@subsection=\count81
\c@subsubsection=\count82
\c@paragraph=\count83
\c@subparagraph=\count84
\c@figure=\count85
\c@table=\count86
\abovecaptionskip=\skip41
\belowcaptionskip=\skip42
\bibindent=\dimen102
)
(C:\Users\Chantell.Wetzel\Documents\Latex\tex\latex\lipsum\lipsum.sty
Package: lipsum 2014/07/27 v1.3 150 paragraphs of Lorem Ipsum dummy text
\c@lips@count=\count87
)
(C:\Users\Chantell.Wetzel\Documents\Latex\tex\latex\geometry\geometry.sty
Package: geometry 2010/09/12 v5.6 Page Geometry

(C:\Users\Chantell.Wetzel\Documents\Latex\tex\latex\graphics\keyval.sty
Package: keyval 2014/10/28 v1.15 key=value parser (DPC)
\KV@toks@=\toks14
)
(C:\Users\Chantell.Wetzel\Documents\Latex\tex\generic\oberdiek\ifpdf.sty
Package: ifpdf 2011/01/30 v2.3 Provides the ifpdf switch (HO)
Package ifpdf Info: pdfTeX in PDF mode is detected.
)
(C:\Users\Chantell.Wetzel\Documents\Latex\tex\generic\oberdiek\ifvtex.sty
Package: ifvtex 2010/03/01 v1.5 Detect VTeX and its facilities (HO)
Package ifvtex Info: VTeX not detected.
)
(C:\Users\Chantell.Wetzel\Documents\Latex\tex\generic\ifxetex\ifxetex.sty
Package: ifxetex 2010/09/12 v0.6 Provides ifxetex conditional
)
\Gm@cnth=\count88
\Gm@cntv=\count89
\c@Gm@tempcnt=\count90
\Gm@bindingoffset=\dimen103
\Gm@wd@mp=\dimen104
\Gm@odd@mp=\dimen105
\Gm@even@mp=\dimen106
\Gm@layoutwidth=\dimen107
\Gm@layoutheight=\dimen108
\Gm@layouthoffset=\dimen109
\Gm@layoutvoffset=\dimen110
\Gm@dimlist=\toks15

(C:\Users\Chantell.Wetzel\Documents\Latex\tex\latex\geometry\geometry.cfg))
(C:\Users\Chantell.Wetzel\Documents\Latex\tex\latex\graphics\graphicx.sty
Package: graphicx 2014/10/28 v1.0g Enhanced LaTeX Graphics (DPC,SPQR)

(C:\Users\Chantell.Wetzel\Documents\Latex\tex\latex\graphics\graphics.sty
Package: graphics 2014/10/28 v1.0p Standard LaTeX Graphics (DPC,SPQR)

(C:\Users\Chantell.Wetzel\Documents\Latex\tex\latex\graphics\trig.sty
Package: trig 1999/03/16 v1.09 sin cos tan (DPC)
)
(C:\Users\Chantell.Wetzel\Documents\Latex\tex\latex\00miktex\graphics.cfg
File: graphics.cfg 2007/01/18 v1.5 graphics configuration of teTeX/TeXLive
)
Package graphics Info: Driver file: pdftex.def on input line 91.

(C:\Users\Chantell.Wetzel\Documents\Latex\tex\latex\pdftex-def\pdftex.def
File: pdftex.def 2011/05/27 v0.06d Graphics/color for pdfTeX

(C:\Users\Chantell.Wetzel\Documents\Latex\tex\generic\oberdiek\infwarerr.sty
Package: infwarerr 2010/04/08 v1.3 Providing info/warning/error messages (HO)
)
(C:\Users\Chantell.Wetzel\Documents\Latex\tex\generic\oberdiek\ltxcmds.sty
Package: ltxcmds 2011/11/09 v1.22 LaTeX kernel commands for general use (HO)
)
\Gread@gobject=\count91
))
\Gin@req@height=\dimen111
\Gin@req@width=\dimen112
)
(C:\Users\Chantell.Wetzel\Documents\Latex\tex\latex\hyperref\hyperref.sty
Package: hyperref 2012/11/06 v6.83m Hypertext links for LaTeX

(C:\Users\Chantell.Wetzel\Documents\Latex\tex\generic\oberdiek\hobsub-hyperref.
sty
Package: hobsub-hyperref 2012/04/25 v1.12 Bundle oberdiek, subset hyperref (HO)


(C:\Users\Chantell.Wetzel\Documents\Latex\tex\generic\oberdiek\hobsub-generic.s
ty
Package: hobsub-generic 2012/04/25 v1.12 Bundle oberdiek, subset generic (HO)
Package: hobsub 2012/04/25 v1.12 Construct package bundles (HO)
Package hobsub Info: Skipping package `infwarerr' (already loaded).
Package hobsub Info: Skipping package `ltxcmds' (already loaded).
Package: ifluatex 2010/03/01 v1.3 Provides the ifluatex switch (HO)
Package ifluatex Info: LuaTeX not detected.
Package hobsub Info: Skipping package `ifvtex' (already loaded).
Package: intcalc 2007/09/27 v1.1 Expandable calculations with integers (HO)
Package hobsub Info: Skipping package `ifpdf' (already loaded).
Package: etexcmds 2011/02/16 v1.5 Avoid name clashes with e-TeX commands (HO)
Package etexcmds Info: Could not find \expanded.
(etexcmds)             That can mean that you are not using pdfTeX 1.50 or
(etexcmds)             that some package has redefined \expanded.
(etexcmds)             In the latter case, load this package earlier.
Package: kvsetkeys 2012/04/25 v1.16 Key value parser (HO)
Package: kvdefinekeys 2011/04/07 v1.3 Define keys (HO)
Package: pdftexcmds 2011/11/29 v0.20 Utility functions of pdfTeX for LuaTeX (HO
)
Package pdftexcmds Info: LuaTeX not detected.
Package pdftexcmds Info: \pdf@primitive is available.
Package pdftexcmds Info: \pdf@ifprimitive is available.
Package pdftexcmds Info: \pdfdraftmode found.
Package: pdfescape 2011/11/25 v1.13 Implements pdfTeX's escape features (HO)
Package: bigintcalc 2012/04/08 v1.3 Expandable calculations on big integers (HO
)
Package: bitset 2011/01/30 v1.1 Handle bit-vector datatype (HO)
Package: uniquecounter 2011/01/30 v1.2 Provide unlimited unique counter (HO)
)
Package hobsub Info: Skipping package `hobsub' (already loaded).
Package: letltxmacro 2010/09/02 v1.4 Let assignment for LaTeX macros (HO)
Package: hopatch 2011/06/24 v1.1 Wrapper for package hooks (HO)
Package: xcolor-patch 2011/01/30 xcolor patch
Package: atveryend 2011/06/30 v1.8 Hooks at the very end of document (HO)
Package atveryend Info: \enddocument detected (standard20110627).
Package: atbegshi 2011/10/05 v1.16 At begin shipout hook (HO)
Package: refcount 2011/10/16 v3.4 Data extraction from label references (HO)
Package: hycolor 2011/01/30 v1.7 Color options for hyperref/bookmark (HO)
) (C:\Users\Chantell.Wetzel\Documents\Latex\tex\latex\oberdiek\auxhook.sty
Package: auxhook 2011/03/04 v1.3 Hooks for auxiliary files (HO)
)
(C:\Users\Chantell.Wetzel\Documents\Latex\tex\latex\oberdiek\kvoptions.sty
Package: kvoptions 2011/06/30 v3.11 Key value format for package options (HO)
)
\@linkdim=\dimen113
\Hy@linkcounter=\count92
\Hy@pagecounter=\count93

(C:\Users\Chantell.Wetzel\Documents\Latex\tex\latex\hyperref\pd1enc.def
File: pd1enc.def 2012/11/06 v6.83m Hyperref: PDFDocEncoding definition (HO)
)
\Hy@SavedSpaceFactor=\count94

(C:\Users\Chantell.Wetzel\Documents\Latex\tex\latex\00miktex\hyperref.cfg
File: hyperref.cfg 2002/06/06 v1.2 hyperref configuration of TeXLive
)
Package hyperref Info: Hyper figures OFF on input line 4443.
Package hyperref Info: Link nesting OFF on input line 4448.
Package hyperref Info: Hyper index ON on input line 4451.
Package hyperref Info: Plain pages OFF on input line 4458.
Package hyperref Info: Backreferencing OFF on input line 4463.
Package hyperref Info: Implicit mode ON; LaTeX internals redefined.
Package hyperref Info: Bookmarks ON on input line 4688.
\c@Hy@tempcnt=\count95

(C:\Users\Chantell.Wetzel\Documents\Latex\tex\latex\url\url.sty
\Urlmuskip=\muskip10
Package: url 2013/09/16  ver 3.4  Verb mode for urls, etc.
)
LaTeX Info: Redefining \url on input line 5041.
\XeTeXLinkMargin=\dimen114
\Fld@menulength=\count96
\Field@Width=\dimen115
\Fld@charsize=\dimen116
Package hyperref Info: Hyper figures OFF on input line 6295.
Package hyperref Info: Link nesting OFF on input line 6300.
Package hyperref Info: Hyper index ON on input line 6303.
Package hyperref Info: backreferencing OFF on input line 6310.
Package hyperref Info: Link coloring OFF on input line 6315.
Package hyperref Info: Link coloring with OCG OFF on input line 6320.
Package hyperref Info: PDF/A mode OFF on input line 6325.
LaTeX Info: Redefining \ref on input line 6365.
LaTeX Info: Redefining \pageref on input line 6369.
\Hy@abspage=\count97
\c@Item=\count98
\c@Hfootnote=\count99
)

Package hyperref Message: Driver (autodetected): hpdftex.

(C:\Users\Chantell.Wetzel\Documents\Latex\tex\latex\hyperref\hpdftex.def
File: hpdftex.def 2012/11/06 v6.83m Hyperref driver for pdfTeX
\Fld@listcount=\count100
\c@bookmark@seq@number=\count101

(C:\Users\Chantell.Wetzel\Documents\Latex\tex\latex\oberdiek\rerunfilecheck.sty
Package: rerunfilecheck 2011/04/15 v1.7 Rerun checks for auxiliary files (HO)
Package uniquecounter Info: New unique counter `rerunfilecheck' on input line 2
82.
)
\Hy@SectionHShift=\skip43
) (C:\Users\Chantell.Wetzel\Documents\Latex\tex\latex\sectsty\sectsty.sty
Package: sectsty 2002/02/25 v2.0.2 Commands to change all sectional heading sty
les
)
(C:\Users\Chantell.Wetzel\Documents\Latex\tex\latex\multirow\multirow.sty
\bigstrutjot=\dimen117
)
(C:\Users\Chantell.Wetzel\Documents\Latex\tex\latex\booktabs\booktabs.sty
Package: booktabs 2005/04/14 v1.61803 publication quality tables
\heavyrulewidth=\dimen118
\lightrulewidth=\dimen119
\cmidrulewidth=\dimen120
\belowrulesep=\dimen121
\belowbottomsep=\dimen122
\aboverulesep=\dimen123
\abovetopsep=\dimen124
\cmidrulesep=\dimen125
\cmidrulekern=\dimen126
\defaultaddspace=\dimen127
\@cmidla=\count102
\@cmidlb=\count103
\@aboverulesep=\dimen128
\@belowrulesep=\dimen129
\@thisruleclass=\count104
\@lastruleclass=\count105
\@thisrulewidth=\dimen130
)
(C:\Users\Chantell.Wetzel\Documents\Latex\tex\latex\base\fontenc.sty
Package: fontenc 2005/09/27 v1.99g Standard LaTeX package

(C:\Users\Chantell.Wetzel\Documents\Latex\tex\latex\base\t1enc.def
File: t1enc.def 2005/09/27 v1.99g Standard LaTeX file
LaTeX Font Info:    Redeclaring font encoding T1 on input line 43.
))
(C:\Users\Chantell.Wetzel\Documents\Latex\tex\latex\lm\lmodern.sty
Package: lmodern 2009/10/30 v1.6 Latin Modern Fonts
LaTeX Font Info:    Overwriting symbol font `operators' in version `normal'
(Font)                  OT1/cmr/m/n --> OT1/lmr/m/n on input line 22.
LaTeX Font Info:    Overwriting symbol font `letters' in version `normal'
(Font)                  OML/cmm/m/it --> OML/lmm/m/it on input line 23.
LaTeX Font Info:    Overwriting symbol font `symbols' in version `normal'
(Font)                  OMS/cmsy/m/n --> OMS/lmsy/m/n on input line 24.
LaTeX Font Info:    Overwriting symbol font `largesymbols' in version `normal'
(Font)                  OMX/cmex/m/n --> OMX/lmex/m/n on input line 25.
LaTeX Font Info:    Overwriting symbol font `operators' in version `bold'
(Font)                  OT1/cmr/bx/n --> OT1/lmr/bx/n on input line 26.
LaTeX Font Info:    Overwriting symbol font `letters' in version `bold'
(Font)                  OML/cmm/b/it --> OML/lmm/b/it on input line 27.
LaTeX Font Info:    Overwriting symbol font `symbols' in version `bold'
(Font)                  OMS/cmsy/b/n --> OMS/lmsy/b/n on input line 28.
LaTeX Font Info:    Overwriting symbol font `largesymbols' in version `bold'
(Font)                  OMX/cmex/m/n --> OMX/lmex/m/n on input line 29.
LaTeX Font Info:    Overwriting math alphabet `\mathbf' in version `normal'
(Font)                  OT1/cmr/bx/n --> OT1/lmr/bx/n on input line 31.
LaTeX Font Info:    Overwriting math alphabet `\mathsf' in version `normal'
(Font)                  OT1/cmss/m/n --> OT1/lmss/m/n on input line 32.
LaTeX Font Info:    Overwriting math alphabet `\mathit' in version `normal'
(Font)                  OT1/cmr/m/it --> OT1/lmr/m/it on input line 33.
LaTeX Font Info:    Overwriting math alphabet `\mathtt' in version `normal'
(Font)                  OT1/cmtt/m/n --> OT1/lmtt/m/n on input line 34.
LaTeX Font Info:    Overwriting math alphabet `\mathbf' in version `bold'
(Font)                  OT1/cmr/bx/n --> OT1/lmr/bx/n on input line 35.
LaTeX Font Info:    Overwriting math alphabet `\mathsf' in version `bold'
(Font)                  OT1/cmss/bx/n --> OT1/lmss/bx/n on input line 36.
LaTeX Font Info:    Overwriting math alphabet `\mathit' in version `bold'
(Font)                  OT1/cmr/bx/it --> OT1/lmr/bx/it on input line 37.
LaTeX Font Info:    Overwriting math alphabet `\mathtt' in version `bold'
(Font)                  OT1/cmtt/m/n --> OT1/lmtt/m/n on input line 38.
)
(C:\Users\Chantell.Wetzel\Documents\Latex\tex\latex\hyphenat\hyphenat.sty
Package: hyphenat 2009/09/02 v2.3c hyphenation utilities
\langwohyphens=\language69
LaTeX Info: Redefining \_ on input line 43.
)
(C:\Users\Chantell.Wetzel\Documents\Latex\tex\latex\tools\array.sty
Package: array 2014/10/28 v2.4c Tabular extension package (FMi)
\col@sep=\dimen131
\extrarowheight=\dimen132
\NC@list=\toks16
\extratabsurround=\skip44
\backup@length=\skip45
)
(C:\Users\Chantell.Wetzel\Documents\Latex\tex\latex\graphics\lscape.sty
Package: lscape 2000/10/22 v3.01 Landscape Pages (DPC)
)
(C:\Users\Chantell.Wetzel\Documents\Latex\tex\latex\oberdiek\pdflscape.sty
Package: pdflscape 2008/08/11 v0.10 Display of landscape pages in PDF (HO)
Package pdflscape Info: Auto-detected driver: pdftex on input line 80.
)
(C:\Users\Chantell.Wetzel\Documents\Latex\tex\latex\tools\longtable.sty
Package: longtable 2014/10/28 v4.11 Multi-page Table package (DPC)
\LTleft=\skip46
\LTright=\skip47
\LTpre=\skip48
\LTpost=\skip49
\LTchunksize=\count106
\LTcapwidth=\dimen133
\LT@head=\box26
\LT@firsthead=\box27
\LT@foot=\box28
\LT@lastfoot=\box29
\LT@cols=\count107
\LT@rows=\count108
\c@LT@tables=\count109
\c@LT@chunks=\count110
\LT@p@ftn=\toks17
)
(C:\Users\Chantell.Wetzel\Documents\Latex\tex\latex\base\inputenc.sty
Package: inputenc 2014/04/30 v1.2b Input encoding file
\inpenc@prehook=\toks18
\inpenc@posthook=\toks19

(C:\Users\Chantell.Wetzel\Documents\Latex\tex\latex\base\utf8.def
File: utf8.def 2014/09/29 v1.1m UTF-8 support for inputenc
Now handling font encoding OML ...
... no UTF-8 mapping file for font encoding OML
Now handling font encoding T1 ...
... processing UTF-8 mapping file for font encoding T1

(C:\Users\Chantell.Wetzel\Documents\Latex\tex\latex\base\t1enc.dfu
File: t1enc.dfu 2014/09/29 v1.1m UTF-8 support for inputenc
   defining Unicode char U+00A1 (decimal 161)
   defining Unicode char U+00A3 (decimal 163)
   defining Unicode char U+00AB (decimal 171)
   defining Unicode char U+00BB (decimal 187)
   defining Unicode char U+00BF (decimal 191)
   defining Unicode char U+00C0 (decimal 192)
   defining Unicode char U+00C1 (decimal 193)
   defining Unicode char U+00C2 (decimal 194)
   defining Unicode char U+00C3 (decimal 195)
   defining Unicode char U+00C4 (decimal 196)
   defining Unicode char U+00C5 (decimal 197)
   defining Unicode char U+00C6 (decimal 198)
   defining Unicode char U+00C7 (decimal 199)
   defining Unicode char U+00C8 (decimal 200)
   defining Unicode char U+00C9 (decimal 201)
   defining Unicode char U+00CA (decimal 202)
   defining Unicode char U+00CB (decimal 203)
   defining Unicode char U+00CC (decimal 204)
   defining Unicode char U+00CD (decimal 205)
   defining Unicode char U+00CE (decimal 206)
   defining Unicode char U+00CF (decimal 207)
   defining Unicode char U+00D0 (decimal 208)
   defining Unicode char U+00D1 (decimal 209)
   defining Unicode char U+00D2 (decimal 210)
   defining Unicode char U+00D3 (decimal 211)
   defining Unicode char U+00D4 (decimal 212)
   defining Unicode char U+00D5 (decimal 213)
   defining Unicode char U+00D6 (decimal 214)
   defining Unicode char U+00D8 (decimal 216)
   defining Unicode char U+00D9 (decimal 217)
   defining Unicode char U+00DA (decimal 218)
   defining Unicode char U+00DB (decimal 219)
   defining Unicode char U+00DC (decimal 220)
   defining Unicode char U+00DD (decimal 221)
   defining Unicode char U+00DE (decimal 222)
   defining Unicode char U+00DF (decimal 223)
   defining Unicode char U+00E0 (decimal 224)
   defining Unicode char U+00E1 (decimal 225)
   defining Unicode char U+00E2 (decimal 226)
   defining Unicode char U+00E3 (decimal 227)
   defining Unicode char U+00E4 (decimal 228)
   defining Unicode char U+00E5 (decimal 229)
   defining Unicode char U+00E6 (decimal 230)
   defining Unicode char U+00E7 (decimal 231)
   defining Unicode char U+00E8 (decimal 232)
   defining Unicode char U+00E9 (decimal 233)
   defining Unicode char U+00EA (decimal 234)
   defining Unicode char U+00EB (decimal 235)
   defining Unicode char U+00EC (decimal 236)
   defining Unicode char U+00ED (decimal 237)
   defining Unicode char U+00EE (decimal 238)
   defining Unicode char U+00EF (decimal 239)
   defining Unicode char U+00F0 (decimal 240)
   defining Unicode char U+00F1 (decimal 241)
   defining Unicode char U+00F2 (decimal 242)
   defining Unicode char U+00F3 (decimal 243)
   defining Unicode char U+00F4 (decimal 244)
   defining Unicode char U+00F5 (decimal 245)
   defining Unicode char U+00F6 (decimal 246)
   defining Unicode char U+00F8 (decimal 248)
   defining Unicode char U+00F9 (decimal 249)
   defining Unicode char U+00FA (decimal 250)
   defining Unicode char U+00FB (decimal 251)
   defining Unicode char U+00FC (decimal 252)
   defining Unicode char U+00FD (decimal 253)
   defining Unicode char U+00FE (decimal 254)
   defining Unicode char U+00FF (decimal 255)
   defining Unicode char U+0102 (decimal 258)
   defining Unicode char U+0103 (decimal 259)
   defining Unicode char U+0104 (decimal 260)
   defining Unicode char U+0105 (decimal 261)
   defining Unicode char U+0106 (decimal 262)
   defining Unicode char U+0107 (decimal 263)
   defining Unicode char U+010C (decimal 268)
   defining Unicode char U+010D (decimal 269)
   defining Unicode char U+010E (decimal 270)
   defining Unicode char U+010F (decimal 271)
   defining Unicode char U+0110 (decimal 272)
   defining Unicode char U+0111 (decimal 273)
   defining Unicode char U+0118 (decimal 280)
   defining Unicode char U+0119 (decimal 281)
   defining Unicode char U+011A (decimal 282)
   defining Unicode char U+011B (decimal 283)
   defining Unicode char U+011E (decimal 286)
   defining Unicode char U+011F (decimal 287)
   defining Unicode char U+0130 (decimal 304)
   defining Unicode char U+0131 (decimal 305)
   defining Unicode char U+0132 (decimal 306)
   defining Unicode char U+0133 (decimal 307)
   defining Unicode char U+0139 (decimal 313)
   defining Unicode char U+013A (decimal 314)
   defining Unicode char U+013D (decimal 317)
   defining Unicode char U+013E (decimal 318)
   defining Unicode char U+0141 (decimal 321)
   defining Unicode char U+0142 (decimal 322)
   defining Unicode char U+0143 (decimal 323)
   defining Unicode char U+0144 (decimal 324)
   defining Unicode char U+0147 (decimal 327)
   defining Unicode char U+0148 (decimal 328)
   defining Unicode char U+014A (decimal 330)
   defining Unicode char U+014B (decimal 331)
   defining Unicode char U+0150 (decimal 336)
   defining Unicode char U+0151 (decimal 337)
   defining Unicode char U+0152 (decimal 338)
   defining Unicode char U+0153 (decimal 339)
   defining Unicode char U+0154 (decimal 340)
   defining Unicode char U+0155 (decimal 341)
   defining Unicode char U+0158 (decimal 344)
   defining Unicode char U+0159 (decimal 345)
   defining Unicode char U+015A (decimal 346)
   defining Unicode char U+015B (decimal 347)
   defining Unicode char U+015E (decimal 350)
   defining Unicode char U+015F (decimal 351)
   defining Unicode char U+0160 (decimal 352)
   defining Unicode char U+0161 (decimal 353)
   defining Unicode char U+0162 (decimal 354)
   defining Unicode char U+0163 (decimal 355)
   defining Unicode char U+0164 (decimal 356)
   defining Unicode char U+0165 (decimal 357)
   defining Unicode char U+016E (decimal 366)
   defining Unicode char U+016F (decimal 367)
   defining Unicode char U+0170 (decimal 368)
   defining Unicode char U+0171 (decimal 369)
   defining Unicode char U+0178 (decimal 376)
   defining Unicode char U+0179 (decimal 377)
   defining Unicode char U+017A (decimal 378)
   defining Unicode char U+017B (decimal 379)
   defining Unicode char U+017C (decimal 380)
   defining Unicode char U+017D (decimal 381)
   defining Unicode char U+017E (decimal 382)
   defining Unicode char U+200C (decimal 8204)
   defining Unicode char U+2013 (decimal 8211)
   defining Unicode char U+2014 (decimal 8212)
   defining Unicode char U+2018 (decimal 8216)
   defining Unicode char U+2019 (decimal 8217)
   defining Unicode char U+201A (decimal 8218)
   defining Unicode char U+201C (decimal 8220)
   defining Unicode char U+201D (decimal 8221)
   defining Unicode char U+201E (decimal 8222)
   defining Unicode char U+2030 (decimal 8240)
   defining Unicode char U+2031 (decimal 8241)
   defining Unicode char U+2039 (decimal 8249)
   defining Unicode char U+203A (decimal 8250)
   defining Unicode char U+2423 (decimal 9251)
)
Now handling font encoding OT1 ...
... processing UTF-8 mapping file for font encoding OT1

(C:\Users\Chantell.Wetzel\Documents\Latex\tex\latex\base\ot1enc.dfu
File: ot1enc.dfu 2014/09/29 v1.1m UTF-8 support for inputenc
   defining Unicode char U+00A1 (decimal 161)
   defining Unicode char U+00A3 (decimal 163)
   defining Unicode char U+00B8 (decimal 184)
   defining Unicode char U+00BF (decimal 191)
   defining Unicode char U+00C5 (decimal 197)
   defining Unicode char U+00C6 (decimal 198)
   defining Unicode char U+00D8 (decimal 216)
   defining Unicode char U+00DF (decimal 223)
   defining Unicode char U+00E6 (decimal 230)
   defining Unicode char U+00EC (decimal 236)
   defining Unicode char U+00ED (decimal 237)
   defining Unicode char U+00EE (decimal 238)
   defining Unicode char U+00EF (decimal 239)
   defining Unicode char U+00F8 (decimal 248)
   defining Unicode char U+0131 (decimal 305)
   defining Unicode char U+0141 (decimal 321)
   defining Unicode char U+0142 (decimal 322)
   defining Unicode char U+0152 (decimal 338)
   defining Unicode char U+0153 (decimal 339)
   defining Unicode char U+2013 (decimal 8211)
   defining Unicode char U+2014 (decimal 8212)
   defining Unicode char U+2018 (decimal 8216)
   defining Unicode char U+2019 (decimal 8217)
   defining Unicode char U+201C (decimal 8220)
   defining Unicode char U+201D (decimal 8221)
)
Now handling font encoding OMS ...
... processing UTF-8 mapping file for font encoding OMS

(C:\Users\Chantell.Wetzel\Documents\Latex\tex\latex\base\omsenc.dfu
File: omsenc.dfu 2014/09/29 v1.1m UTF-8 support for inputenc
   defining Unicode char U+00A7 (decimal 167)
   defining Unicode char U+00B6 (decimal 182)
   defining Unicode char U+00B7 (decimal 183)
   defining Unicode char U+2020 (decimal 8224)
   defining Unicode char U+2021 (decimal 8225)
   defining Unicode char U+2022 (decimal 8226)
)
Now handling font encoding OMX ...
... no UTF-8 mapping file for font encoding OMX
Now handling font encoding U ...
... no UTF-8 mapping file for font encoding U
Now handling font encoding PD1 ...
... no UTF-8 mapping file for font encoding PD1
   defining Unicode char U+00A9 (decimal 169)
   defining Unicode char U+00AA (decimal 170)
   defining Unicode char U+00AE (decimal 174)
   defining Unicode char U+00BA (decimal 186)
   defining Unicode char U+02C6 (decimal 710)
   defining Unicode char U+02DC (decimal 732)
   defining Unicode char U+200C (decimal 8204)
   defining Unicode char U+2026 (decimal 8230)
   defining Unicode char U+2122 (decimal 8482)
   defining Unicode char U+2423 (decimal 9251)
))
(C:\Users\Chantell.Wetzel\Documents\Latex\tex\latex\babel\babel.sty
Package: babel 2014/09/25 3.9l The Babel package

*************************************
* Local config file bblopts.cfg used
*
(C:\Users\Chantell.Wetzel\Documents\Latex\tex\latex\00miktex\bblopts.cfg
File: bblopts.cfg 2006/07/31 v1.0 MiKTeX 'babel' configuration
)
(C:\Users\Chantell.Wetzel\Documents\Latex\tex\latex\babel-english\english.ldf
Language: english 2012/08/20 v3.3p English support from the babel system

(C:\Users\Chantell.Wetzel\Documents\Latex\tex\latex\babel\babel.def
File: babel.def 2014/09/25 3.9l Babel common definitions
\babel@savecnt=\count111
\U@D=\dimen134
)
\l@canadian = a dialect from \language\l@american 
\l@australian = a dialect from \language\l@british 
\l@newzealand = a dialect from \language\l@british 
))
(C:\Users\Chantell.Wetzel\Documents\Latex\tex\latex\colortbl\colortbl.sty
Package: colortbl 2012/02/13 v1.0a Color table columns (DPC)

(C:\Users\Chantell.Wetzel\Documents\Latex\tex\latex\graphics\color.sty
Package: color 2014/10/28 v1.1a Standard LaTeX Color (DPC)

(C:\Users\Chantell.Wetzel\Documents\Latex\tex\latex\00miktex\color.cfg
File: color.cfg 2007/01/18 v1.5 color configuration of teTeX/TeXLive
)
Package color Info: Driver file: pdftex.def on input line 137.
)
\everycr=\toks20
\minrowclearance=\skip50
)
(C:\Users\Chantell.Wetzel\Documents\Latex\tex\latex\base\fixltx2e.sty
Package: fixltx2e 2014/09/29 v1.1s fixes to LaTeX
LaTeX Info: Redefining \em on input line 430.
)
(C:\Users\Chantell.Wetzel\Documents\Latex\tex\latex\tools\hhline.sty
Package: hhline 2014/10/28 v2.03 Table rule package (DPC)
)
(C:\Users\Chantell.Wetzel\Documents\Latex\tex\latex\tools\dcolumn.sty
Package: dcolumn 2014/10/28 v1.06 decimal alignment package (DPC)
)

Package hyperref Warning: Option `pdftex' has already been used,
(hyperref)                setting the option has no effect on input line 30.

Package hyperref Info: Option `colorlinks' set `true' on input line 30.
(C:\Users\Chantell.Wetzel\Documents\Latex\tex\latex\oberdiek\hypcap.sty
Package: hypcap 2011/02/16 v1.11 Adjusting the anchors of captions (HO)
)
(C:\Users\Chantell.Wetzel\Documents\Latex\tex\latex\amsmath\amsmath.sty
Package: amsmath 2013/01/14 v2.14 AMS math features
\@mathmargin=\skip51

For additional information on amsmath, use the `?' option.
(C:\Users\Chantell.Wetzel\Documents\Latex\tex\latex\amsmath\amstext.sty
Package: amstext 2000/06/29 v2.01

(C:\Users\Chantell.Wetzel\Documents\Latex\tex\latex\amsmath\amsgen.sty
File: amsgen.sty 1999/11/30 v2.0
\@emptytoks=\toks21
\ex@=\dimen135
))
(C:\Users\Chantell.Wetzel\Documents\Latex\tex\latex\amsmath\amsbsy.sty
Package: amsbsy 1999/11/29 v1.2d
\pmbraise@=\dimen136
)
(C:\Users\Chantell.Wetzel\Documents\Latex\tex\latex\amsmath\amsopn.sty
Package: amsopn 1999/12/14 v2.01 operator names
)
\inf@bad=\count112
LaTeX Info: Redefining \frac on input line 210.
\uproot@=\count113
\leftroot@=\count114
LaTeX Info: Redefining \overline on input line 306.
\classnum@=\count115
\DOTSCASE@=\count116
LaTeX Info: Redefining \ldots on input line 378.
LaTeX Info: Redefining \dots on input line 381.
LaTeX Info: Redefining \cdots on input line 466.
\Mathstrutbox@=\box30
\strutbox@=\box31
\big@size=\dimen137
LaTeX Font Info:    Redeclaring font encoding OML on input line 566.
LaTeX Font Info:    Redeclaring font encoding OMS on input line 567.
\macc@depth=\count117
\c@MaxMatrixCols=\count118
\dotsspace@=\muskip11
\c@parentequation=\count119
\dspbrk@lvl=\count120
\tag@help=\toks22
\row@=\count121
\column@=\count122
\maxfields@=\count123
\andhelp@=\toks23
\eqnshift@=\dimen138
\alignsep@=\dimen139
\tagshift@=\dimen140
\tagwidth@=\dimen141
\totwidth@=\dimen142
\lineht@=\dimen143
\@envbody=\toks24
\multlinegap=\skip52
\multlinetaggap=\skip53
\mathdisplay@stack=\toks25
LaTeX Info: Redefining \[ on input line 2665.
LaTeX Info: Redefining \] on input line 2666.
)
(C:\Users\Chantell.Wetzel\Documents\Latex\tex\latex\float\float.sty
Package: float 2001/11/08 v1.3d Float enhancements (AL)
\c@float@type=\count124
\float@exts=\toks26
\float@box=\box32
\@float@everytoks=\toks27
\@floatcapt=\box33
)
(C:\Users\Chantell.Wetzel\Documents\Latex\tex\latex\fancyhdr\fancyhdr.sty
\fancy@headwidth=\skip54
\f@ncyO@elh=\skip55
\f@ncyO@erh=\skip56
\f@ncyO@olh=\skip57
\f@ncyO@orh=\skip58
\f@ncyO@elf=\skip59
\f@ncyO@erf=\skip60
\f@ncyO@olf=\skip61
\f@ncyO@orf=\skip62
)
(SS330_Main.aux)
LaTeX Font Info:    Checking defaults for OML/cmm/m/it on input line 53.
LaTeX Font Info:    ... okay on input line 53.
LaTeX Font Info:    Checking defaults for T1/cmr/m/n on input line 53.
LaTeX Font Info:    ... okay on input line 53.
LaTeX Font Info:    Checking defaults for OT1/cmr/m/n on input line 53.
LaTeX Font Info:    ... okay on input line 53.
LaTeX Font Info:    Checking defaults for OMS/cmsy/m/n on input line 53.
LaTeX Font Info:    ... okay on input line 53.
LaTeX Font Info:    Checking defaults for OMX/cmex/m/n on input line 53.
LaTeX Font Info:    ... okay on input line 53.
LaTeX Font Info:    Checking defaults for U/cmr/m/n on input line 53.
LaTeX Font Info:    ... okay on input line 53.
LaTeX Font Info:    Checking defaults for PD1/pdf/m/n on input line 53.
LaTeX Font Info:    ... okay on input line 53.
LaTeX Font Info:    Try loading font information for T1+lmr on input line 53.

(C:\Users\Chantell.Wetzel\Documents\Latex\tex\latex\lm\t1lmr.fd
File: t1lmr.fd 2009/10/30 v1.6 Font defs for Latin Modern
)
*geometry* driver: auto-detecting
*geometry* detected driver: pdftex
*geometry* verbose mode - [ preamble ] result:
* driver: pdftex
* paper: <default>
* layout: <same size as paper>
* layoutoffset:(h,v)=(0.0pt,0.0pt)
* modes: includefoot 
* h-part:(L,W,R)=(72.26999pt, 469.75502pt, 72.26999pt)
* v-part:(T,H,B)=(72.26999pt, 650.43001pt, 72.26999pt)
* \paperwidth=614.295pt
* \paperheight=794.96999pt
* \textwidth=469.75502pt
* \textheight=620.43001pt
* \oddsidemargin=0.0pt
* \evensidemargin=0.0pt
* \topmargin=-37.0pt
* \headheight=12.0pt
* \headsep=25.0pt
* \topskip=12.0pt
* \footskip=30.0pt
* \marginparwidth=44.0pt
* \marginparsep=10.0pt
* \columnsep=10.0pt
* \skip\footins=10.8pt plus 4.0pt minus 2.0pt
* \hoffset=0.0pt
* \voffset=0.0pt
* \mag=1000
* \@twocolumnfalse
* \@twosidefalse
* \@mparswitchfalse
* \@reversemarginfalse
* (1in=72.27pt=25.4mm, 1cm=28.453pt)

(C:\Users\Chantell.Wetzel\Documents\Latex\tex\context\base\supp-pdf.mkii
[Loading MPS to PDF converter (version 2006.09.02).]
\scratchcounter=\count125
\scratchdimen=\dimen144
\scratchbox=\box34
\nofMPsegments=\count126
\nofMParguments=\count127
\everyMPshowfont=\toks28
\MPscratchCnt=\count128
\MPscratchDim=\dimen145
\MPnumerator=\count129
\makeMPintoPDFobject=\count130
\everyMPtoPDFconversion=\toks29
)
\AtBeginShipoutBox=\box35
Package hyperref Info: Link coloring ON on input line 53.
 (C:\Users\Chantell.Wetzel\Documents\Latex\tex\latex\hyperref\nameref.sty
Package: nameref 2012/10/27 v2.43 Cross-referencing by name of section

(C:\Users\Chantell.Wetzel\Documents\Latex\tex\generic\oberdiek\gettitlestring.s
ty
Package: gettitlestring 2010/12/03 v1.4 Cleanup title references (HO)
)
\c@section@level=\count131
)
LaTeX Info: Redefining \ref on input line 53.
LaTeX Info: Redefining \pageref on input line 53.
LaTeX Info: Redefining \nameref on input line 53.
 (SS330_Main.out) (SS330_Main.out)
\@outlinefile=\write3
 [1

{C:/Users/Chantell.Wetzel/AppData/Local/MiKTeX/2.9/pdftex/config/pdftex.map}] (
SS330_Main.toc
LaTeX Font Info:    Try loading font information for OT1+lmr on input line 6.

(C:\Users\Chantell.Wetzel\Documents\Latex\tex\latex\lm\ot1lmr.fd
File: ot1lmr.fd 2009/10/30 v1.6 Font defs for Latin Modern
)
LaTeX Font Info:    Try loading font information for OML+lmm on input line 6.

(C:\Users\Chantell.Wetzel\Documents\Latex\tex\latex\lm\omllmm.fd
File: omllmm.fd 2009/10/30 v1.6 Font defs for Latin Modern
)
LaTeX Font Info:    Try loading font information for OMS+lmsy on input line 6.

(C:\Users\Chantell.Wetzel\Documents\Latex\tex\latex\lm\omslmsy.fd
File: omslmsy.fd 2009/10/30 v1.6 Font defs for Latin Modern
)
LaTeX Font Info:    Try loading font information for OMX+lmex on input line 6.

(C:\Users\Chantell.Wetzel\Documents\Latex\tex\latex\lm\omxlmex.fd
File: omxlmex.fd 2009/10/30 v1.6 Font defs for Latin Modern
)
LaTeX Font Info:    External font `lmex10' loaded for size
(Font)              <12> on input line 6.
LaTeX Font Info:    External font `lmex10' loaded for size
(Font)              <8> on input line 6.
LaTeX Font Info:    External font `lmex10' loaded for size
(Font)              <6> on input line 6.
 [1] [2])
\tf@toc=\write4

[3] (SS330_Main.lof)
\tf@lof=\write5
pdfTeX warning (ext4): destination with the same identifier (name{page.i}) has 
been already used, duplicate ignored
<to be read again> 
                   \relax 
l.84 		\cleardoublepage
                        [1

] (section1_5.tex
Overfull \hbox (27.02003pt too wide) in paragraph at lines 3--4
\T1/lmr/m/n/12 avail-able from the NOAA Fish-eries Stock As-sess-ment Tool-box 
web-site: http://nft.nefsc.noaa.gov/.
 []


Overfull \hbox (5.01175pt too wide) in paragraph at lines 22--23
[]\T1/lmr/m/n/12 datafile: file con-tain-ing model di-men-sions and the data wi
th file ex-ten-sion .dat (re-quired) 
 []


Overfull \hbox (30.56723pt too wide) in paragraph at lines 26--27
[]\T1/lmr/m/n/12 runnumber.ss: file con-tain-ing a sin-gle num-ber used as run-
num-ber in out-put to Cum-Re-port.sso
 []

pdfTeX warning (ext4): destination with the same identifier (name{page.1}) has 
been already used, duplicate ignored
<to be read again> 
                   \relax 
l.27 		\item p
              rofilevalues.ss:  file contain special conditions for batch fi...
[1

]
Overfull \hbox (1.22037pt too wide) in paragraph at lines 37--38
[]\T1/lmr/m/n/12 CompReport.sso: Be-gin-ning with ver-sion 3.03, the com-po-si-
tion data has been sep-a-rated
 []


Overfull \hbox (5.90953pt too wide) in paragraph at lines 40--41
[]\T1/lmr/m/n/12 Covar.sso: This file re-places the stan-dard ADMB ss3.cor with
 an out-put of the pa-ram-e-ter
 []


Overfull \hbox (17.53856pt too wide) in paragraph at lines 41--42
[]\T1/lmr/m/n/12 data.ss_new: con-tains a user-specified num-ber of datafiles, 
gen-er-ated through a para-met-ric
 []


Overfull \hbox (2.12834pt too wide) in paragraph at lines 42--43
[]\T1/lmr/m/n/12 control.ss_new: Up-dated ver-sion of the con-trol file with fi
-nal pa-ram-e-ter val-ues re-plac-ing
 []

[2]
Overfull \hbox (12.50307pt too wide) in paragraph at lines 67--68
\T1/lmr/m/n/12 curve. Pos-i-tive val-ues yield in-creas-ing se-lec-tiv-ity and 
neg-a-tive val-ues yield de-creas-ing
 []

[3]
Overfull \hbox (18.9059pt too wide) in paragraph at lines 89--90
\T1/lmr/m/n/12 Richards is iden-ti-cal to the Richards-Maunder, but sim-i-larly
 uses the pa-ram-e-ter-i-za-tion
 []

) (6starter.tex [4] [5]
Overfull \hbox (13.07784pt too wide) in alignment at lines 12--17
 [] [] [] 
 []


Overfull \hbox (13.07784pt too wide) in alignment at lines 17--21
 [] [] [] 
 []


Overfull \hbox (13.07784pt too wide) in alignment at lines 21--24
 [] [] [] 
 []


Overfull \hbox (13.07784pt too wide) in alignment at lines 24--29
 [] [] [] 
 []


Underfull \hbox (badness 5652) in paragraph at lines 31--31
[]|\T1/lmr/m/n/12 #C this is a
 []


Overfull \hbox (284.52756pt too wide) in paragraph at lines 40--40
[]|$[]$|  
 []


Overfull \vbox (23.59981pt too high) detected at line 40
 []


Underfull \hbox (badness 1701) in paragraph at lines 45--45
[]\T1/lmr/m/n/12 With op-tion 2, the dis-play shows value of each logL
 []


Overfull \hbox (284.52756pt too wide) in paragraph at lines 45--45
[]|$[]$|  
 []


Overfull \vbox (23.59981pt too high) detected at line 45
 []


Overfull \hbox (284.52756pt too wide) in paragraph at lines 51--51
[]|$[]$|  
 []


Overfull \hbox (284.52756pt too wide) in paragraph at lines 56--56
[]|$[]$|  
 []


Overfull \vbox (9.09981pt too high) detected at line 56
 []


Underfull \hbox (badness 10000) in paragraph at lines 58--58
[]|\T1/lmr/m/n/12 1 = write de-tailed in-ter-me-di-ate
 []


Underfull \hbox (badness 10000) in paragraph at lines 58--58
\T1/lmr/m/n/12 cal-cu-la-tions to ECHOIN-PUT.SSO
 []


Overfull \hbox (284.52756pt too wide) in paragraph at lines 62--62
[]|$[]$|  
 []


Overfull \vbox (52.59981pt too high) detected at line 62
 []


Overfull \hbox (13.07784pt too wide) in alignment at lines 29--66
 [] [] [] 
 []


Underfull \hbox (badness 1248) in paragraph at lines 71--71
[]\T1/lmr/m/n/12 Controls re-port-ing to the file CUM-RE-PORT.SSO. This
 []


Underfull \hbox (badness 5417) in paragraph at lines 71--71
\T1/lmr/m/n/12 cu-mu-la-tive re-port is most use-ful when ac-cu-mu-lat-ing
 []


Overfull \hbox (284.52756pt too wide) in paragraph at lines 71--71
[]|$[]$|  
 []


Overfull \vbox (52.59981pt too high) detected at line 71
 []


Overfull \hbox (284.52756pt too wide) in paragraph at lines 78--78
[]|$[]$|  
 []


Overfull \vbox (38.09981pt too high) detected at line 78
 []


Underfull \hbox (badness 2057) in paragraph at lines 83--83
\T1/lmr/m/n/12 es-ti-mat-ing se-lec-tiv-ity func-tions in which the val-ues of
 []


Overfull \hbox (284.52756pt too wide) in paragraph at lines 83--83
[]|$[]$|  
 []


Overfull \vbox (96.09981pt too high) detected at line 83
 []


Overfull \hbox (284.52756pt too wide) in paragraph at lines 94--94
[]|$[]$|  
 []


Overfull \vbox (110.59981pt too high) detected at line 94
 []


Overfull \hbox (13.07784pt too wide) in alignment at lines 66--96
 [] [] [] 
 []

[6

]
Overfull \hbox (284.52756pt too wide) in paragraph at lines 102--102
[]|$[]$|  
 []


Overfull \vbox (82.33333pt too high) detected at line 102
 []


Underfull \hbox (badness 10000) in paragraph at lines 105--105
[]|\T1/lmr/m/n/12 <positive value> = exit af-ter
 []


Overfull \hbox (284.52756pt too wide) in paragraph at lines 114--114
[]|$[]$|  
 []


Overfull \vbox (38.09981pt too high) detected at line 114
 []


Overfull \hbox (13.07784pt too wide) in alignment at lines 96--129
 [] [] [] 
 []

[7]
Underfull \hbox (badness 1960) in paragraph at lines 131--131
[]\T1/lmr/m/n/12 In a long time se-ries ap-pli-ca-tion, the model vari-ance
 []


Overfull \hbox (284.52756pt too wide) in paragraph at lines 131--131
[]|$[]$|  
 []


Overfull \vbox (52.59981pt too high) detected at line 131
 []


Overfull \hbox (284.52756pt too wide) in paragraph at lines 147--147
[]|$[]$|  
 []


Overfull \vbox (38.09981pt too high) detected at line 147
 []


Overfull \hbox (284.52756pt too wide) in paragraph at lines 153--153
[]|$[]$|  
 []


Overfull \vbox (9.09981pt too high) detected at line 153
 []


Overfull \hbox (284.52756pt too wide) in paragraph at lines 158--158
[]|$[]$|  
 []


Overfull \vbox (9.09981pt too high) detected at line 158
 []


Overfull \hbox (284.52756pt too wide) in paragraph at lines 162--162
[]|$[]$|  
 []


Overfull \vbox (23.59981pt too high) detected at line 162
 []


Overfull \hbox (13.07784pt too wide) in alignment at lines 129--166
 [] [] [] 
 []

[8]
Overfull \hbox (284.52756pt too wide) in paragraph at lines 174--174
[]|$[]$|  
 []


Overfull \vbox (125.09981pt too high) detected at line 174
 []


Overfull \hbox (284.52756pt too wide) in paragraph at lines 186--186
[]|$[]$|  
 []


Overfull \vbox (255.59981pt too high) detected at line 186
 []


Overfull \hbox (13.07784pt too wide) in alignment at lines 166--195
 [] [] [] 
 []


Overfull \hbox (284.52756pt too wide) in paragraph at lines 207--207
[]|$[]$|  
 []


Overfull \vbox (21.2665pt too high) detected at line 207
 []


Overfull \hbox (284.52756pt too wide) in paragraph at lines 214--214
[]|$[]$|  
 []


Overfull \vbox (23.59981pt too high) detected at line 214
 []


Overfull \hbox (170.71654pt too wide) in paragraph at lines 223--223
[]|$[]$|  
 []


Overfull \vbox (81.59981pt too high) detected at line 223
 []


Overfull \hbox (284.52756pt too wide) in paragraph at lines 224--224
[]|$[]$|  
 []


Overfull \vbox (52.59981pt too high) detected at line 224
 []


Overfull \hbox (13.07784pt too wide) in alignment at lines 195--227
 [] [] [] 
 []

[9]
Overfull \hbox (13.07784pt too wide) in alignment at lines 227--232
 [] [] [] 
 []

[10] [11]) (7forecast.tex [12


]
Overfull \hbox (13.07784pt too wide) in alignment at lines 10--15
 [] [] [] 
 []


Overfull \hbox (13.07784pt too wide) in alignment at lines 15--19
 [] [] [] 
 []


Overfull \hbox (13.07784pt too wide) in alignment at lines 19--22
 [] [] [] 
 []


Overfull \hbox (13.07784pt too wide) in alignment at lines 22--27
 [] [] [] 
 []


Overfull \hbox (284.52756pt too wide) in paragraph at lines 30--30
[]|$[]$|  
 []


Overfull \vbox (23.59981pt too high) detected at line 30
 []


Underfull \hbox (badness 1082) in paragraph at lines 32--32
[]|\T1/lmr/m/n/12 1 = cal-cu-late F_spr, F_btgt, and
 []


Overfull \hbox (284.52756pt too wide) in paragraph at lines 35--35
[]|$[]$|  
 []


Overfull \vbox (9.09981pt too high) detected at line 35
 []


Overfull \hbox (284.52756pt too wide) in paragraph at lines 49--49
[]|$[]$ 
 []


Overfull \vbox (39.83331pt too high) detected at line 49
 []


Underfull \hbox (badness 1394) in paragraph at lines 55--55
[]|\T1/lmr/m/n/12 F mul-ti-plier for op-tion 6 (not yet
 []


Overfull \hbox (284.52756pt too wide) in paragraph at lines 58--58
[]|$[]$|  
 []


Overfull \vbox (21.2665pt too high) detected at line 58
 []


Overfull \hbox (284.52756pt too wide) in paragraph at lines 63--63
[]|$[]$|  
 []


Overfull \vbox (38.09981pt too high) detected at line 63
 []


Overfull \hbox (13.07784pt too wide) in alignment at lines 27--64
 [] [] [] 
 []


Overfull \hbox (284.52756pt too wide) in paragraph at lines 69--69
[]|$[]$|  
 []


Overfull \vbox (23.59981pt too high) detected at line 69
 []


Overfull \hbox (284.52756pt too wide) in paragraph at lines 75--75
[]|$[]$|  
 []


Overfull \hbox (284.52756pt too wide) in paragraph at lines 80--80
[]|$[]$|  
 []


Overfull \vbox (52.59981pt too high) detected at line 80
 []


Overfull \hbox (284.52756pt too wide) in paragraph at lines 89--89
[]|$[]$|  
 []


Overfull \vbox (9.09981pt too high) detected at line 89
 []


Overfull \hbox (284.52756pt too wide) in paragraph at lines 93--93
[]|$[]$|  
 []


Overfull \hbox (13.07784pt too wide) in alignment at lines 64--94
 [] [] [] 
 []

[13

]
Overfull \hbox (284.52756pt too wide) in paragraph at lines 97--97
[]|$[]$|  
 []


Overfull \vbox (52.59981pt too high) detected at line 97
 []


Overfull \hbox (284.52756pt too wide) in paragraph at lines 109--109
[]|$[]$|  
 []


Overfull \hbox (284.52756pt too wide) in paragraph at lines 112--112
[]|$[]$|  
 []


Overfull \vbox (7.50002pt too high) detected at line 112
 []


Overfull \hbox (284.52756pt too wide) in paragraph at lines 116--116
[]|$[]$|  
 []


Overfull \hbox (284.52756pt too wide) in paragraph at lines 119--119
[]|$[]$|  
 []


Overfull \vbox (23.59981pt too high) detected at line 119
 []


Underfull \hbox (badness 2913) in paragraph at lines 124--124
[]|\T1/lmr/m/n/12 First fore-cast loop with stochas-tic
 []


Overfull \hbox (284.52756pt too wide) in paragraph at lines 124--124
[]|$[]$|  
 []


Overfull \vbox (21.2665pt too high) detected at line 124
 []


Overfull \hbox (284.52756pt too wide) in paragraph at lines 128--128
[]|$[]$|  
 []


Overfull \hbox (284.52756pt too wide) in paragraph at lines 131--131
[]|$[]$|  
 []


Overfull \hbox (284.52756pt too wide) in paragraph at lines 134--134
[]|$[]$|  
 []


Overfull \hbox (13.07784pt too wide) in alignment at lines 94--135
 [] [] [] 
 []


Overfull \hbox (284.52756pt too wide) in paragraph at lines 137--137
[]|$[]$|  
 []


Overfull \hbox (284.52756pt too wide) in paragraph at lines 140--140
[]|$[]$|  
 []


Overfull \vbox (24.2665pt too high) detected at line 140
 []


Overfull \hbox (13.07784pt too wide) in alignment at lines 135--173
 [] [] [] 
 []

[14]
Overfull \hbox (284.52756pt too wide) in paragraph at lines 180--180
[]|$[]$|  
 []


Overfull \vbox (9.09981pt too high) detected at line 180
 []


Overfull \hbox (284.52756pt too wide) in paragraph at lines 184--184
[]|$[]$|  
 []


Overfull \vbox (9.09981pt too high) detected at line 184
 []


Overfull \hbox (284.52756pt too wide) in paragraph at lines 188--188
[]|$[]$|  
 []


Overfull \vbox (9.09981pt too high) detected at line 188
 []


Overfull \hbox (284.52756pt too wide) in paragraph at lines 197--197
[]|$[]$|  
 []


Overfull \vbox (6.7665pt too high) detected at line 197
 []


Overfull \hbox (13.07784pt too wide) in alignment at lines 173--215
 [] [] [] 
 []

[15]
Overfull \hbox (13.07784pt too wide) in alignment at lines 215--221
 [] [] [] 
 []

[16] [17]) (8optional_inputs.tex
LaTeX Font Info:    Try loading font information for T1+lmtt on input line 7.

(C:\Users\Chantell.Wetzel\Documents\Latex\tex\latex\lm\t1lmtt.fd
File: t1lmtt.fd 2009/10/30 v1.6 Font defs for Latin Modern
)
LaTeX Font Info:    Try loading font information for OMS+lmr on input line 29.

(C:\Users\Chantell.Wetzel\Documents\Latex\tex\latex\lm\omslmr.fd
File: omslmr.fd 2009/10/30 v1.6 Font defs for Latin Modern
)
LaTeX Font Info:    Font shape `OMS/lmr/m/n' in size <12> not available
(Font)              Font shape `OMS/lmsy/m/n' tried instead on input line 29.
 [18

] [19])
(9data.tex [20]
Underfull \hbox (badness 1314) in paragraph at lines 57--57
[]|\T1/lmr/m/n/12 #C data us-ing new
 []


Overfull \hbox (312.98032pt too wide) in paragraph at lines 57--57
[]|$[]$|  
 []


Overfull \vbox (23.59981pt too high) detected at line 57
 []


Overfull \hbox (312.98032pt too wide) in paragraph at lines 66--66
[]|$[]$|  
 []


Overfull \vbox (96.7665pt too high) detected at line 66
 []


Overfull \hbox (312.98032pt too wide) in paragraph at lines 75--75
[]|$[]$|  
 []


Overfull \vbox (23.59981pt too high) detected at line 75
 []


Overfull \hbox (312.98032pt too wide) in paragraph at lines 80--80
[]|$[]$|  
 []


Overfull \vbox (23.59981pt too high) detected at line 80
 []


Overfull \hbox (9.48906pt too wide) in paragraph at lines 54--91
 [] 
 []

[21]
Underfull \hbox (badness 10000) in paragraph at lines 103--103
[]|\T1/lmr/m/n/12 #Fleet
 []


Underfull \hbox (badness 10000) in paragraph at lines 106--106
[]|\T1/lmr/m/n/12 Catch
 []


Underfull \hbox (badness 10000) in paragraph at lines 108--108
[]|\T1/lmr/m/n/12 Catch
 []


Underfull \hbox (badness 10000) in paragraph at lines 109--109
[]|\T1/lmr/m/n/12 Catch
 []


Underfull \hbox (badness 10000) in paragraph at lines 110--111
[]|\T1/lmr/m/n/12 Fleet
 []


Overfull \hbox (9.21872pt too wide) in paragraph at lines 121--122
[]|\T1/lmr/m/n/12 FISHERY1| 
 []


Overfull \hbox (5.79329pt too wide) in paragraph at lines 122--123
[]|\T1/lmr/m/n/12 SURVEY1| 
 []


Overfull \hbox (1.82211pt too wide) in paragraph at lines 98--126
 [] 
 []

[22]
Overfull \hbox (7.94823pt too wide) in paragraph at lines 137--139
\T1/lmr/m/n/12 Carryover from 3.24 ap-proach, now su-per-seded by real month in
-put for data ob-ser-va-tions. 
 []

[23] [24] [25] [26]
Overfull \hbox (14.99709pt too wide) in paragraph at lines 255--256
[]\T1/lmr/m/n/12 31 = exp(recruitment de-vi-a-tion), use-ful for en-vi-ron-men-
tal in-dex af-fect-ing re-cruit-ment 
 []


Overfull \hbox (17.03629pt too wide) in paragraph at lines 277--295
 [] 
 []

[27]
Overfull \hbox (4.95494pt too wide) in paragraph at lines 307--308
\T1/lmr/m/n/12 weight de-vi-a-tions. Value of er-ror in data file in in-ter-pre
ted as CV of the ob-ser-va-tion. 
 []

[28]
Underfull \hbox (badness 1424) in paragraph at lines 333--333
\T1/lmr/m/n/12 eval-u-ate mean body weight de-vi-a-tion. This is not a
 []


Overfull \vbox (13.0pt too high) detected at line 367
 []


Underfull \hbox (badness 6775) in paragraph at lines 381--382
[]|\T1/lmr/m/n/12 Vector con-tain-ing lower edge of each
 []

[29]
Overfull \hbox (8.50308pt too wide) in paragraph at lines 406--406
\T1/lmr/m/n/12 Com-pres-sion| 
 []


Underfull \hbox (badness 10000) in paragraph at lines 406--406
[]|\T1/lmr/m/n/12 Constant
 []


Underfull \hbox (badness 10000) in paragraph at lines 406--406
\T1/lmr/m/n/12 added to
 []


Overfull \hbox (2.23647pt too wide) in paragraph at lines 406--406
\T1/lmr/m/n/12 pro-por-tions| 
 []


Underfull \hbox (badness 10000) in paragraph at lines 406--406
[]|\T1/lmr/m/n/12 Combine
 []


Underfull \hbox (badness 10000) in paragraph at lines 406--406
\T1/lmr/m/n/12 males &
 []


Underfull \hbox (badness 10000) in paragraph at lines 406--406
[]|\T1/lmr/m/n/12 Compress
 []


Underfull \hbox (badness 10000) in paragraph at lines 406--406
[]|\T1/lmr/m/n/12 Error
 []


Overfull \hbox (5.6621pt too wide) in paragraph at lines 406--406
\T1/lmr/m/n/12 Dis-tri-bu-tion| 
 []


Underfull \hbox (badness 10000) in paragraph at lines 406--406
[]|\T1/lmr/m/n/12 Dirichlet
 []


Underfull \hbox (badness 10000) in paragraph at lines 406--406
\T1/lmr/m/n/12 Pa-ram-e-ter
 []


Overfull \hbox (12.5835pt too wide) in paragraph at lines 403--412
 [] 
 []

[30]
Overfull \hbox (33.42963pt too wide) in paragraph at lines 432--433
\T1/lmr/m/n/12 the mid-length of the pop-u-la-tion bins. So these quan-ti-ties 
will be rougher ap-prox-i-ma-tions
 []

[31]
Overfull \hbox (3.50293pt too wide) in paragraph at lines 451--451
[]|\T1/lmr/m/n/12 Partition| 
 []


Overfull \hbox (12.5835pt too wide) in paragraph at lines 442--458
 [] 
 []

[32]
Overfull \hbox (6.59367pt too wide) in paragraph at lines 506--507
\T1/lmr/m/n/12 Here, the ca-pa-bil-ity to cre-ate a dis-tri-bu-tion of age' (e.
g. age with pos-si-ble bias and im-pre-ci-sion)
 []

[33]
Overfull \hbox (8.50308pt too wide) in paragraph at lines 543--543
\T1/lmr/m/n/12 Com-pres-sion| 
 []


Underfull \hbox (badness 10000) in paragraph at lines 543--543
[]|\T1/lmr/m/n/12 Constant
 []


Underfull \hbox (badness 10000) in paragraph at lines 543--543
\T1/lmr/m/n/12 added to
 []


Overfull \hbox (2.23647pt too wide) in paragraph at lines 543--543
\T1/lmr/m/n/12 pro-por-tions| 
 []


Underfull \hbox (badness 10000) in paragraph at lines 543--543
[]|\T1/lmr/m/n/12 Combine
 []


Underfull \hbox (badness 10000) in paragraph at lines 543--543
\T1/lmr/m/n/12 males &
 []


Underfull \hbox (badness 10000) in paragraph at lines 543--543
[]|\T1/lmr/m/n/12 Compress
 []


Underfull \hbox (badness 10000) in paragraph at lines 543--543
[]|\T1/lmr/m/n/12 Error
 []


Overfull \hbox (5.6621pt too wide) in paragraph at lines 543--543
\T1/lmr/m/n/12 Dis-tri-bu-tion| 
 []


Underfull \hbox (badness 10000) in paragraph at lines 543--543
[]|\T1/lmr/m/n/12 Dirichlet
 []


Underfull \hbox (badness 10000) in paragraph at lines 543--543
\T1/lmr/m/n/12 Pa-ram-e-ter
 []


Overfull \hbox (12.5835pt too wide) in paragraph at lines 540--557
 [] 
 []

[34]
Overfull \hbox (4.83441pt too wide) in paragraph at lines 563--563
[]|\T1/lmr/m/n/12 #Year| 
 []


Overfull \hbox (5.48814pt too wide) in paragraph at lines 563--563
[]|\T1/lmr/m/n/12 Month| 
 []


Overfull \hbox (8.83553pt too wide) in paragraph at lines 563--563
[]|\T1/lmr/m/n/12 Gender| 
 []


Overfull \hbox (3.50293pt too wide) in paragraph at lines 563--563
[]|\T1/lmr/m/n/12 Partition| 
 []


Overfull \hbox (8.5854pt too wide) in paragraph at lines 563--563
[]|\T1/lmr/m/n/12 AgeErr| 
 []


Overfull \hbox (7.1849pt too wide) in paragraph at lines 563--563
[]|\T1/lmr/m/n/12 Nsamp| 
 []


Underfull \hbox (badness 10000) in paragraph at lines 565--566
[]|\T1/lmr/m/n/12 <enter data
 []


Overfull \hbox (20.13069pt too wide) in paragraph at lines 560--569
 [] 
 []


Overfull \hbox (13.03844pt too wide) in paragraph at lines 576--577
[]\T1/lmr/m/n/12 The data vec-tor has fe-male val-ues then male val-ues, just a
s for the length com-po-si-tion
 []

[35]
Overfull \hbox (5.48814pt too wide) in paragraph at lines 617--617
[]|\T1/lmr/m/n/12 Month| 
 []


Overfull \hbox (8.83553pt too wide) in paragraph at lines 617--617
[]|\T1/lmr/m/n/12 Gender| 
 []


Overfull \hbox (8.5854pt too wide) in paragraph at lines 617--617
[]|\T1/lmr/m/n/12 AgeErr| 
 []


Overfull \hbox (4.3477pt too wide) in paragraph at lines 617--617
[]|\T1/lmr/m/n/12 Lbinlo| 
 []


Overfull \hbox (5.0007pt too wide) in paragraph at lines 617--617
[]|\T1/lmr/m/n/12 Lbinhi| 
 []


Overfull \hbox (7.1849pt too wide) in paragraph at lines 617--617
[]|\T1/lmr/m/n/12 Nsamp| 
 []


Overfull \hbox (4.10152pt too wide) in paragraph at lines 619--620
[]|\T1/lmr/m/n/12 ...| 
 []


Overfull \hbox (17.69539pt too wide) in paragraph at lines 599--623
 [] 
 []

[36]
Overfull \hbox (5.48814pt too wide) in paragraph at lines 647--647
[]|\T1/lmr/m/n/12 Month| 
 []


Overfull \hbox (8.83553pt too wide) in paragraph at lines 647--647
[]|\T1/lmr/m/n/12 Gender| 
 []


Overfull \hbox (8.5854pt too wide) in paragraph at lines 647--647
[]|\T1/lmr/m/n/12 AgeErr| 
 []


Overfull \hbox (4.3477pt too wide) in paragraph at lines 647--647
[]|\T1/lmr/m/n/12 Lbinlo| 
 []


Overfull \hbox (5.0007pt too wide) in paragraph at lines 647--647
[]|\T1/lmr/m/n/12 Lbinhi| 
 []


Overfull \hbox (7.1849pt too wide) in paragraph at lines 647--647
[]|\T1/lmr/m/n/12 Nsamp| 
 []


Overfull \hbox (4.10152pt too wide) in paragraph at lines 649--649
[]|\T1/lmr/m/n/12 ...| 
 []


Overfull \hbox (4.10152pt too wide) in paragraph at lines 651--651
[]|\T1/lmr/m/n/12 ...| 
 []


Overfull \hbox (17.69539pt too wide) in paragraph at lines 628--656
 [] 
 []


Overfull \hbox (5.48814pt too wide) in paragraph at lines 665--665
[]|\T1/lmr/m/n/12 Month| 
 []


Overfull \hbox (8.83553pt too wide) in paragraph at lines 665--665
[]|\T1/lmr/m/n/12 Gender| 
 []


Overfull \hbox (8.5854pt too wide) in paragraph at lines 665--665
[]|\T1/lmr/m/n/12 AgeErr| 
 []


Overfull \hbox (7.1849pt too wide) in paragraph at lines 665--665
[]|\T1/lmr/m/n/12 Nsamp| 
 []


Overfull \hbox (7.61105pt too wide) in paragraph at lines 665--665
[]|\T1/lmr/m/n/12 Female
 []


Underfull \hbox (badness 10000) in paragraph at lines 665--665
[]|\T1/lmr/m/n/12 Male
 []


Overfull \hbox (7.61105pt too wide) in paragraph at lines 665--665
[]|\T1/lmr/m/n/12 Female
 []


Underfull \hbox (badness 10000) in paragraph at lines 665--666
[]|\T1/lmr/m/n/12 Male
 []


Overfull \hbox (9.07822pt too wide) in paragraph at lines 667--667
[]|\T1/lmr/m/n/12 <Mean
 []


Underfull \hbox (badness 10000) in paragraph at lines 667--667
\T1/lmr/m/n/12 size
 []


Overfull \hbox (11.75858pt too wide) in paragraph at lines 667--667
\T1/lmr/m/n/12 val-ues>| 
 []


Overfull \hbox (9.07822pt too wide) in paragraph at lines 667--667
[]|\T1/lmr/m/n/12 <Mean
 []


Underfull \hbox (badness 10000) in paragraph at lines 667--667
\T1/lmr/m/n/12 size
 []


Overfull \hbox (11.75858pt too wide) in paragraph at lines 667--667
\T1/lmr/m/n/12 val-ues>| 
 []


Underfull \hbox (badness 10000) in paragraph at lines 667--667
[]|\T1/lmr/m/n/12 <N
 []


Underfull \hbox (badness 10000) in paragraph at lines 667--668
[]|\T1/lmr/m/n/12 <N
 []

[37]
Overfull \hbox (17.73299pt too wide) in paragraph at lines 681--682
[]\T1/lmr/m/n/12 Where age data are be-ing en-tered as con-di-tional age'-at-le
ngth and growth pa-ram-e-ters
 []

[38]
Overfull \hbox (3.63304pt too wide) in paragraph at lines 752--752
[]|\T1/lmr/m/n/12 2.4| 
 []

[39]
Overfull \hbox (7.63412pt too wide) in paragraph at lines 774--775
[]\T1/lmr/m/n/12 An ex-am-ple ob-ser-va-tion is be-low. Note that its for-mat i
s iden-ti-cal to the length com-po-si-tion
 []


Overfull \hbox (6.92854pt too wide) in paragraph at lines 779--779
[]|\T1/lmr/m/n/12 #Method| 
 []


Overfull \hbox (5.48814pt too wide) in paragraph at lines 779--779
[]|\T1/lmr/m/n/12 Month| 
 []


Overfull \hbox (8.83553pt too wide) in paragraph at lines 779--779
[]|\T1/lmr/m/n/12 Gender| 
 []


Overfull \hbox (8.7562pt too wide) in paragraph at lines 779--779
[]|\T1/lmr/m/n/12 Sample
 []


Overfull \hbox (2.64268pt too wide) in paragraph at lines 808--808
[]|\T1/lmr/m/n/12 Month| 
 []


Overfull \hbox (4.60512pt too wide) in paragraph at lines 808--808
[]|\T1/lmr/m/n/12 <tfill>| 
 []


Overfull \hbox (5.99007pt too wide) in paragraph at lines 808--808
[]|\T1/lmr/m/n/12 Gender| 
 []


Underfull \hbox (badness 10000) in paragraph at lines 808--809
[]|\T1/lmr/m/n/12 N
 []


Overfull \hbox (6.7884pt too wide) in paragraph at lines 808--809
\T1/lmr/m/n/12 Re-lease| 
 []


Overfull \hbox (2.64268pt too wide) in paragraph at lines 815--815
[]|\T1/lmr/m/n/12 Month| 
 []


Overfull \hbox (10.14908pt too wide) in paragraph at lines 815--816
[]|\T1/lmr/m/n/12 Number| 
 []

[40] [41]
Overfull \hbox (1.34071pt too wide) in paragraph at lines 850--850
[]|\T1/lmr/m/n/12 0.0001| 
 []


Overfull \hbox (1.98895pt too wide) in paragraph at lines 852--852
[]|\T1/lmr/m/n/12 #Year| 
 []


Overfull \hbox (2.64268pt too wide) in paragraph at lines 852--852
[]|\T1/lmr/m/n/12 Month| 
 []


Overfull \hbox (4.33945pt too wide) in paragraph at lines 852--852
[]|\T1/lmr/m/n/12 Nsamp| 
 []

[42]
Overfull \hbox (4.83441pt too wide) in paragraph at lines 895--895
[]|\T1/lmr/m/n/12 #Year| 
 []


Overfull \hbox (5.48814pt too wide) in paragraph at lines 895--895
[]|\T1/lmr/m/n/12 Month| 
 []


Underfull \hbox (badness 1902) in paragraph at lines 901--902
[]|\T1/lmr/m/n/12 Note that 1984 is not in-cluded in the
 []

[43]) (10control.tex
Underfull \hbox (badness 10000) in paragraph at lines 9--11

 []

[44]
Underfull \hbox (badness 10000) in paragraph at lines 20--22

 []


Underfull \hbox (badness 10000) in paragraph at lines 23--25

 []


Underfull \hbox (badness 10000) in paragraph at lines 26--28

 []


Underfull \hbox (badness 10000) in paragraph at lines 29--31

 []


Underfull \hbox (badness 10000) in paragraph at lines 37--39

 []


Underfull \hbox (badness 10000) in paragraph at lines 39--41

 []

[45]
Underfull \hbox (badness 10000) in paragraph at lines 76--80

 []

[46]
Overfull \hbox (14.22638pt too wide) in paragraph at lines 126--126
[]|$[]$|  
 []


Overfull \vbox (10.50002pt too high) detected at line 126
 []


Overfull \hbox (14.22638pt too wide) in paragraph at lines 128--128
[]|$[]$|  
 []


Overfull \hbox (14.22638pt too wide) in paragraph at lines 131--131
[]|$[]$|  
 []


Overfull \vbox (10.50002pt too high) detected at line 131
 []


Overfull \hbox (14.22638pt too wide) in paragraph at lines 135--135
[]|$[]$|  
 []


Overfull \hbox (14.22638pt too wide) in paragraph at lines 147--147
[]|$[]$|  
 []


Overfull \vbox (27.5pt too high) detected at line 151
 []


Overfull \hbox (170.71654pt too wide) in paragraph at lines 154--154
[]|$[]$|  
 []


Overfull \hbox (170.71654pt too wide) in paragraph at lines 160--160
[]|$[]$|  
 []


Overfull \vbox (21.2665pt too high) detected at line 160
 []


Overfull \vbox (27.5pt too high) detected at line 167
 []

[47]
Overfull \vbox (13.0pt too high) detected at line 171
 []

[48]
Overfull \hbox (6.66258pt too wide) in paragraph at lines 200--200
[]|\T1/lmr/m/n/12 0.50| 
 []


Overfull \vbox (56.5pt too high) detected at line 213
 []


Overfull \vbox (129.0pt too high) detected at line 221
 []


Overfull \vbox (42.0pt too high) detected at line 231
 []


Overfull \vbox (13.0pt too high) detected at line 235
 []


Overfull \hbox (6.66258pt too wide) in paragraph at lines 246--246
[]|\T1/lmr/m/n/12 1.66| 
 []


Underfull \hbox (badness 2865) in paragraph at lines 249--250
[]|\T1/lmr/m/n/12 Growth Amax (A2): Ref-er-ence age for sec-ond size-at-age
 []

[49] [50]
Underfull \hbox (badness 10000) in paragraph at lines 313--314
[]|\T1/lmr/m/n/12 3 = for each GP x gen-der, pa-ram-e-ter de-fines off-set
 []


Underfull \hbox (badness 3989) in paragraph at lines 313--314
\T1/lmr/m/n/12 from GP 1 gen-der 1. For fe-males, given that natM
 []


Underfull \hbox (badness 10000) in paragraph at lines 313--314
\T1/lmr/m/n/12 op-tion is break-point and there are two break-points,
 []


Underfull \hbox (badness 1097) in paragraph at lines 313--314
\T1/lmr/m/n/12 pa-ram-e-ter de-fines off-set from early age (e.g., old_female_M

 []


Underfull \hbox (badness 10000) in paragraph at lines 313--314
\T1/lmr/m/n/12 = young_female_M * exp(old_female_M_parameter).
 []


Underfull \hbox (badness 4899) in paragraph at lines 313--314
\T1/lmr/m/n/12 For males, given that natM op-tion is break-point and
 []


Underfull \hbox (badness 3449) in paragraph at lines 313--314
\T1/lmr/m/n/12 there are two break-points, pa-ram-e-ter is de-fined as off-set
 []


Underfull \hbox (badness 10000) in paragraph at lines 313--314
\T1/lmr/m/n/12 from fe-males AND from early age (e.g., old_male_M
 []


Underfull \hbox (badness 10000) in paragraph at lines 313--314
\T1/lmr/m/n/12 = young_female_M * exp(young_male_M_parameter) *
 []

[51]
Overfull \hbox (24.90932pt too wide) in paragraph at lines 333--333
[]|\T1/lmr/m/n/12 Parameter| 
 []


Overfull \hbox (24.90932pt too wide) in paragraph at lines 337--337
[]|\T1/lmr/m/n/12 Parameter| 
 []


Underfull \hbox (badness 10000) in paragraph at lines 354--354
[]|\T1/lmr/m/n/12 Richards
 []


Underfull \hbox (badness 10000) in paragraph at lines 373--373
[]|\T1/lmr/m/n/12 Richards
 []


Underfull \hbox (badness 1845) in paragraph at lines 389--390
[]|\T1/lmr/m/n/12 Two fe-cun-dity pa-ram-e-ters; us-age de-pends on the
 []

[52]
Underfull \hbox (badness 1281) in paragraph at lines 400--401
[]|\T1/lmr/m/n/12 3 pa-ram-e-ters de-fine a nor-mal dis-tri-bu-tion for the
 []


Underfull \hbox (badness 2020) in paragraph at lines 407--408
[]|\T1/lmr/m/n/12 Recruitment ap-por-tion-ment by sea-son, if mul-ti-ple
 []


Underfull \hbox (badness 4765) in paragraph at lines 410--411
[]|\T1/lmr/m/n/12 Note that the or-der of re-cruit-ment dis-tri-bu-tion
 []


Underfull \hbox (badness 10000) in paragraph at lines 417--417
[]|\T1/lmr/m/n/12 Catch
 []

[53] [54]
Overfull \hbox (2.53735pt too wide) in paragraph at lines 446--447
[]|\T1/lmr/m/n/12 #L_-at_-Amin_-Fem_-GP_-1| 
 []


Overfull \hbox (4.82187pt too wide) in paragraph at lines 447--448
[]|\T1/lmr/m/n/12 #L_-at_-Amax_-Fem_-GP_-1| 
 []


Overfull \hbox (0.7405pt too wide) in paragraph at lines 458--459
[]|\T1/lmr/m/n/12 #L_-at_-Amin_-Mal_-GP_-1| 
 []


Overfull \hbox (3.02501pt too wide) in paragraph at lines 459--460
[]|\T1/lmr/m/n/12 #L_-at_-Amax_-Mal_-GP_-1| 
 []

[55]
Overfull \hbox (2.86699pt too wide) in paragraph at lines 487--489
\T1/lmr/m/n/12 A new growth op-tion, #3, has been in-tro-duced in V3.23. This o
p-tion cre-ates age-specific
 []

[56]
Overfull \hbox (16.63116pt too wide) in paragraph at lines 495--496
\T1/lmr/m/n/12 biomass pro-duces one an-nual to-tal re-cruit-ment value and thi
s an-nual re-cruit-ment was dis-tributed
 []

[57]
Overfull \hbox (4.14752pt too wide) in paragraph at lines 507--508
\T1/lmr/m/n/12 us-ing the des-ig-nated start age and end age. Pa-ram-e-ter val-
ues are the ln(movement co-ef-fi-cient).
 []

[58]
Overfull \hbox (13.74422pt too wide) in paragraph at lines 511--512
[]\T1/lmr/m/n/12 An added fea-ture is the read-ing of migr_firstage im-me-di-at
ely af-ter read-ing the do_migration
 []


Overfull \hbox (4.60443pt too wide) in paragraph at lines 539--539
[]|\T1/lmr/m/n/12 <other| 
 []


Overfull \hbox (5.8551pt too wide) in paragraph at lines 540--540
[]|\T1/lmr/m/n/12 INIT| 
 []


Overfull \hbox (11.5237pt too wide) in paragraph at lines 540--540
[]|\T1/lmr/m/n/12 entries>| 
 []


Overfull \hbox (4.60443pt too wide) in paragraph at lines 545--545
[]|\T1/lmr/m/n/12 <other| 
 []


Overfull \hbox (5.8551pt too wide) in paragraph at lines 546--546
[]|\T1/lmr/m/n/12 INIT| 
 []


Overfull \hbox (11.5237pt too wide) in paragraph at lines 546--546
[]|\T1/lmr/m/n/12 entries>| 
 []

[59] [60] <images/age_error.png, id=884, 481.8pt x 311.66437pt>
File: images/age_error.png Graphic file (type png)

<use images/age_error.png>
Package pdftex.def Info: images/age_error.png used on input line 602.
(pdftex.def)             Requested size: 481.79881pt x 311.6636pt.

Underfull \hbox (badness 10000) in paragraph at lines 600--605

 []


Overfull \hbox (12.0438pt too wide) in paragraph at lines 600--605
[] 
 []


Underfull \hbox (badness 10000) in paragraph at lines 600--605

 []

[61 <./images/age_error.png>] [62]
Overfull \hbox (14.49142pt too wide) in paragraph at lines 634--634
[]|\T1/lmr/m/n/12 Value| 
 []


Overfull \hbox (14.49142pt too wide) in paragraph at lines 639--639
[]|\T1/lmr/m/n/12 Value| 
 []


Underfull \hbox (badness 10000) in paragraph at lines 651--651
[]|\T1/lmr/m/n/12 <short
 []


Underfull \hbox (badness 10000) in paragraph at lines 651--651
\T1/lmr/m/n/12 pa-ram-e-ter
 []


Underfull \hbox (badness 10000) in paragraph at lines 657--657
[]|\T1/lmr/m/n/12 <short
 []


Underfull \hbox (badness 10000) in paragraph at lines 657--657
\T1/lmr/m/n/12 pa-ram-e-ter
 []


Underfull \hbox (badness 1648) in paragraph at lines 660--661
\T1/lmr/m/n/12 se-lects that fac-tor for sea-son-al-ity ([][]\T1/lmr/m/it/12 cl
ick here for more
 []


Underfull \hbox (badness 2762) in paragraph at lines 662--663
[]|\T1/lmr/m/n/12 If any fac-tors have sea-son-al-ity, then read N sea-sons
 []


Underfull \hbox (badness 10000) in paragraph at lines 663--663
[]|\T1/lmr/m/n/12 <short
 []


Underfull \hbox (badness 10000) in paragraph at lines 663--663
\T1/lmr/m/n/12 pa-ram-e-ter
 []

[63]

LaTeX Warning: Command \textquoteright invalid in math mode on input line 727.


Underfull \hbox (badness 10000) in paragraph at lines 727--728
[]|\T1/lmr/m/n/12 environmental link-age co-ef-fi-cient. The re-cruit-ment
 []


Underfull \hbox (badness 2608) in paragraph at lines 727--728
\T1/lmr/m/n/12 pa-ram-e-ters are short pa-ram-e-ters, so can-not have the
 []


Underfull \hbox (badness 1824) in paragraph at lines 727--728
\T1/lmr/m/n/12 generic block or en-vi-ron-men-tal link op-tions. In-stead,
 []


Underfull \hbox (badness 10000) in paragraph at lines 729--730
[]|\T1/lmr/m/n/12 Offset for ini-tial equi-lib-rium re-cruit-ment to vir-gin
 []


Underfull \hbox (badness 1424) in paragraph at lines 736--737
\T1/lmr/m/n/12 equi-lib-rium (by en-ter-ing a value for the en-vi-ron-men-tal
 []


Underfull \hbox (badness 1178) in paragraph at lines 749--749
[]|\T1/lmr/m/n/12 Main recr devs
 []


Underfull \hbox (badness 1178) in paragraph at lines 751--751
[]|\T1/lmr/m/n/12 Main recr devs
 []


Underfull \hbox (badness 4144) in paragraph at lines 753--753
[]|\T1/lmr/m/n/12 Main recr dev
 []

[64] [65] [66]
Underfull \hbox (badness 10000) in paragraph at lines 787--787
[]|\T1/lmr/m/n/12 <parameter
 []

[67] [68]
Overfull \hbox (11.61137pt too wide) in paragraph at lines 797--798
\T1/lmr/m/n/12 re-la-tion-ship. SS has the op-tion of the Beverton-Holt, Ricker
, Hockey-Stick, and a survival-based
 []

[69]
Overfull \hbox (8.37704pt too wide) in paragraph at lines 836--837
\T1/lmr/m/n/12 about 0.4 for a left-shifted spawner-recruitment curve, and 3.0 
for a right-shifted
 []

[70] <images/survival_code.png, id=942, 431.36156pt x 489.32813pt>
File: images/survival_code.png Graphic file (type png)

<use images/survival_code.png>
Package pdftex.def Info: images/survival_code.png used on input line 850.
(pdftex.def)             Requested size: 431.3605pt x 489.32692pt.
 [71] [72 <./images/survival_code.png>]
Overfull \hbox (3.77077pt too wide) in paragraph at lines 870--871
\T1/lmr/m/n/12 The re-cruit-ment bias ad-just-ment im-ple-mented in SS is based
 upon the work be-ing doc-u-mented
 []


Overfull \hbox (6.43156pt too wide) in paragraph at lines 870--871
\T1/lmr/m/n/12 con-cept is based upon the fol-low-ing logic. Sig-maR rep-re-sen
ts the true vari-abil-ity of re-cruit-ment
 []

[73]
Overfull \hbox (7.12862pt too wide) in paragraph at lines 881--882
\T1/lmr/m/n/12 of the off-set then de-pends upon the par-ti-tion-ing of sig-maR
 into be-tween and within re-cruit-ment
 []

<images/10_bias.png, id=957, 286.06876pt x 224.33812pt>
File: images/10_bias.png Graphic file (type png)

<use images/10_bias.png>
Package pdftex.def Info: images/10_bias.png used on input line 884.
(pdftex.def)             Requested size: 286.06805pt x 224.33757pt.
 [74]
Overfull \hbox (21.97087pt too wide) in paragraph at lines 890--891
[]\T1/lmr/m/n/12 In MCMC mode, the model still draws re-cruit-ment de-vi-a-tion
s from the log-nor-mal dis-tri-bu-tion,
 []


Overfull \hbox (15.91344pt too wide) in paragraph at lines 890--891
\T1/lmr/m/n/12 re-cruit-ment de-vi-a-tions be-cause the model is now re-samplin
g from the full log-nor-mal dis-tri-bu-tion
 []

[75 <./images/10_bias.png>]
Overfull \hbox (7.68166pt too wide) in paragraph at lines 906--907
\T1/lmr/m/n/12 A non-equilibrium ini-tial age com-po-si-tion is achieved by set
-ting the first year of the re-cruit-ment
 []


Underfull \hbox (badness 2626) in paragraph at lines 956--956
[]|\T1/lmr/m/n/12 1 1980 1 0.20
 []

[76] [77]
Overfull \hbox (0.83087pt too wide) in paragraph at lines 992--993
[]\T1/lmr/m/n/12 <0 = mir-ror the Q from an-other (lower num-bered sur-vey des-
ig-nated by abs(value)) 
 []


Overfull \hbox (5.7429pt too wide) in paragraph at lines 995--996
\T1/lmr/m/n/12 prior sec-tion. How-ever, be-cause there is no in-her-ent con-st
raint that these de-vi-a-tions
 []

[78]
Overfull \hbox (7.16463pt too wide) in paragraph at lines 996--997
\T1/lmr/m/n/12 ob-ser-va-tions will be de-vi-a-tions in ran-dom walk of ln(Q). 
These de-vi-a-tion pa-ram-e-ters
 []


Overfull \hbox (7.26268pt too wide) in alignment at lines 1004--1009
 [] [] [] [] [] 
 []


Overfull \hbox (7.26268pt too wide) in alignment at lines 1009--1014
 [] [] [] [] [] 
 []


Overfull \hbox (7.26268pt too wide) in alignment at lines 1014--1017
 [] [] [] [] [] 
 []


Overfull \hbox (7.26268pt too wide) in alignment at lines 1017--1018
 [] [] [] [] [] 
 []


Overfull \vbox (84.00002pt too high) detected at line 1032
 []


Overfull \vbox (69.50002pt too high) detected at line 1040
 []


Overfull \hbox (7.26268pt too wide) in alignment at lines 1018--1042
 [] [] [] [] [] 
 []


Overfull \hbox (7.26268pt too wide) in alignment at lines 1042--1048
 [] [] [] [] [] 
 []

[79]
Overfull \hbox (5.29118pt too wide) in paragraph at lines 1056--1056
[]|\T1/lmr/m/n/12 PR_-type| 
 []

[80]
Underfull \vbox (badness 10000) detected at line 1108
 []

[81]
Underfull \hbox (badness 1454) in paragraph at lines 1135--1136
[]|\T1/lmr/m/n/12 Discontinued: Set size se-lec-tiv-ity equal to fe-male
 []


Underfull \vbox (badness 10000) detected at line 1150
 []


Underfull \hbox (badness 10000) in paragraph at lines 1153--1154
[]|\T1/lmr/m/n/12 Sets ex-pected sur-vey abun-dance equal to
 []


Underfull \hbox (badness 7869) in paragraph at lines 1153--1154
\T1/lmr/m/n/12 exp(recruitment de-vi-a-tion). This is use-ful if
 []


Underfull \hbox (badness 10000) in paragraph at lines 1154--1155
[]|\T1/lmr/m/n/12 Sets ex-pected sur-vey abun-dance equal to
 []


Underfull \hbox (badness 1259) in paragraph at lines 1154--1155
\T1/lmr/m/n/12 exp(recruitment de-vi-a-tion ) * Spawn-Biomass. So
 []


Underfull \hbox (badness 4846) in paragraph at lines 1155--1156
[]|\T1/lmr/m/n/12 Sets ex-pected sur-vey abun-dance equal to age-0
 []

[82]
Underfull \vbox (badness 10000) detected at line 1201
 []

[83]
Underfull \hbox (badness 10000) in paragraph at lines 1213--1226

 []


Underfull \hbox (badness 10000) in paragraph at lines 1213--1226

 []


Underfull \hbox (badness 10000) in paragraph at lines 1213--1226

 []

[84] [85] <images/Selex17_RandomWalk.png, id=1038, 433.62pt x 410.2828pt>
File: images/Selex17_RandomWalk.png Graphic file (type png)

<use images/Selex17_RandomWalk.png>
Package pdftex.def Info: images/Selex17_RandomWalk.png used on input line 1259.

(pdftex.def)             Requested size: 433.61894pt x 410.2818pt.
 [86 <./images/Selex17_RandomWalk.png>]
Overfull \hbox (4.56143pt too wide) in paragraph at lines 1277--1278
\T1/lmr/m/n/12 be-tween PEAK1 and 99% of the lower edge of the last size bin in
 the model. Trans-formed
 []


Underfull \hbox (badness 10000) in paragraph at lines 1281--1284

 []

[87] <images/DoubleNormal.png, id=1048, 313.9228pt x 228.855pt>
File: images/DoubleNormal.png Graphic file (type png)

<use images/DoubleNormal.png>
Package pdftex.def Info: images/DoubleNormal.png used on input line 1312.
(pdftex.def)             Requested size: 313.92203pt x 228.85443pt.

Underfull \hbox (badness 10000) in paragraph at lines 1314--1321

 []

[88 <./images/DoubleNormal.png>]
Underfull \hbox (badness 10000) in paragraph at lines 1336--1340

 []


Overfull \hbox (8.61852pt too wide) in paragraph at lines 1344--1345
\T1/lmr/m/n/12 0.001 pro-vides a nearly asymp-totic curve. Val-ues above 0.2 pr
o-vide strongly dome-shaped
 []


Underfull \hbox (badness 10000) in paragraph at lines 1348--1350

 []

<images/ExpLogistic.png, id=1053, 367.3725pt x 218.31563pt>
File: images/ExpLogistic.png Graphic file (type png)

<use images/ExpLogistic.png>
Package pdftex.def Info: images/ExpLogistic.png used on input line 1351.
(pdftex.def)             Requested size: 367.37158pt x 218.31508pt.
 [89]
Underfull \hbox (badness 10000) in paragraph at lines 1353--1359

 []


Overfull \hbox (2.3972pt too wide) in paragraph at lines 1371--1372
[]\T1/lmr/m/n/12 One of these se-lec-tiv-ity pa-ram-e-ter val-ues should be hel
d con-stant so oth-ers are es-ti-mated
 []

[90 <./images/ExpLogistic.png>]
Underfull \hbox (badness 10000) in paragraph at lines 1377--1378

 []

<images/CubicSplineCode.png, id=1063, 460.72125pt x 264.99pt>
File: images/CubicSplineCode.png Graphic file (type png)

<use images/CubicSplineCode.png>
Package pdftex.def Info: images/CubicSplineCode.png used on input line 1379.
(pdftex.def)             Requested size: 460.72012pt x 264.98935pt.

Underfull \hbox (badness 10000) in paragraph at lines 1382--1383

 []

<images/CubicSpline.png, id=1064, 344.78813pt x 237.13594pt>
File: images/CubicSpline.png Graphic file (type png)

<use images/CubicSpline.png>
Package pdftex.def Info: images/CubicSpline.png used on input line 1384.
(pdftex.def)             Requested size: 344.78728pt x 237.13535pt.
 [91 <./images/CubicSplineCode.png>]
Overfull \hbox (10.83955pt too wide) in paragraph at lines 1386--1390
\T1/lmr/m/n/12 spe-cific pa-ram-e-ter la-bels and to auto-generate se-lec-tiv-i
ty pa-ram-e-ter setup. The auto-generation
 []


Overfull \hbox (32.83586pt too wide) in paragraph at lines 1400--1401
\T1/lmr/m/n/12 along the cu-mu-la-tive size dis-tri-bu-tion. These cal-cu-lated
 node val-ues are out-put into con-trol.ss_-new.
 []

[92 <./images/CubicSpline.png>]
Overfull \hbox (8.94019pt too wide) in paragraph at lines 1406--1406
[]|\T1/lmr/m/n/12 PR_-TYPE| 
 []


Overfull \hbox (5.98978pt too wide) in paragraph at lines 1406--1406
[]|\T1/lmr/m/n/12 PHASE| 
 []


Overfull \hbox (2.22786pt too wide) in paragraph at lines 1409--1409
[]|\T1/lmr/m/n/12 -0.001| 
 []


Overfull \hbox (1.01752pt too wide) in alignment at lines 1405--1418
 [] [] [] [] [] [] [] [] [] 
 []

[93]
Underfull \hbox (badness 10000) in paragraph at lines 1444--1445

 []


Underfull \hbox (badness 10000) in paragraph at lines 1464--1468

 []

[94]
Underfull \hbox (badness 10000) in paragraph at lines 1477--1481

 []

[95]
Overfull \hbox (5.03629pt too wide) in alignment at lines 1513--1516
 [] [] [] [] 
 []


Overfull \hbox (5.03629pt too wide) in alignment at lines 1516--1520
 [] [] [] [] 
 []


Overfull \hbox (5.03629pt too wide) in alignment at lines 1520--1522
 [] [] [] [] 
 []


Overfull \hbox (5.03629pt too wide) in alignment at lines 1522--1524
 [] [] [] [] 
 []


Underfull \hbox (badness 10000) in paragraph at lines 1527--1528
[]|\T1/lmr/m/n/12 If any se-lec-tiv-ity pa-ram-e-ters use
 []


Underfull \hbox (badness 5741) in paragraph at lines 1527--1528
\T1/lmr/m/n/12 en-vi-ron-men-tal link-age, then read next
 []


Underfull \hbox (badness 10000) in paragraph at lines 1528--1528
[]|\T1/lmr/m/n/12 Custom
 []


Underfull \hbox (badness 10000) in paragraph at lines 1528--1528
\T1/lmr/m/n/12 En-vi-ron-men-tal
 []


Underfull \hbox (badness 1769) in paragraph at lines 1530--1532
\T1/lmr/m/n/12 SEL-parm with Env-var>0. Note that
 []


Underfull \hbox (badness 10000) in paragraph at lines 1546--1547
[]|\T1/lmr/m/n/12 If any se-lec-tiv-ity pa-ram-e-ters use
 []


Underfull \hbox (badness 7796) in paragraph at lines 1546--1547
\T1/lmr/m/n/12 en-vi-ron-men-tal links, blocks or an-nual
 []


Underfull \hbox (badness 10000) in paragraph at lines 1547--1547
[]|\T1/lmr/m/n/12 Selparm Ad-just
 []


Underfull \hbox (badness 5022) in paragraph at lines 1548--1549
\T1/lmr/m/n/12 trans-for-ma-tion to as-sure that ad-justed
 []


Overfull \hbox (5.03629pt too wide) in alignment at lines 1524--1550
 [] [] [] [] 
 []

[96] [97]
Overfull \hbox (4.93297pt too wide) in paragraph at lines 1564--1564
[]|\T1/lmr/m/n/12 #LO| 
 []


Overfull \hbox (4.43239pt too wide) in paragraph at lines 1564--1564
[]|\T1/lmr/m/n/12 INIT| 
 []


Overfull \hbox (3.10057pt too wide) in paragraph at lines 1564--1564
[]|\T1/lmr/m/n/12 PRIOR| 
 []


Overfull \hbox (8.94019pt too wide) in paragraph at lines 1564--1564
[]|\T1/lmr/m/n/12 PR_-TYPE| 
 []


Overfull \hbox (8.1307pt too wide) in alignment at lines 1556--1580
 [] [] [] [] [] [] [] [] [] 
 []


Overfull \hbox (2.8099pt too wide) in alignment at lines 1591--1608
 [] [] [] [] [] 
 []

[98]
Overfull \hbox (17.93597pt too wide) in paragraph at lines 1626--1627
[]\T1/lmr/m/n/12 The re-port.sso out-put file con-tains in-for-ma-tion use-ful 
for de-ter-min-ing if an ad-just-ment
 []


Overfull \hbox (0.66605pt too wide) in paragraph at lines 1627--1628
[]\T1/lmr/m/n/12 Because the ac-tual in-put vari-ance fac-tors are mod-i-fied, 
it is these mod-i-fied vari-ance
 []


Overfull \hbox (0.30878pt too wide) in paragraph at lines 1627--1628
\T1/lmr/m/n/12 con-trol files used to an-a-lyze boot-strap gen-er-ated data fil
es should have the vari-ance
 []

[99]
Overfull \hbox (9.48906pt too wide) in paragraph at lines 1635--1642
 [] 
 []


Overfull \hbox (2.73993pt too wide) in alignment at lines 1652--1662
 [] [] [] [] [] 
 []


Underfull \vbox (badness 10000) detected at line 1662
 []


Underfull \hbox (badness 10000) in paragraph at lines 1664--1669

 []

[100]
Overfull \hbox (7.28456pt too wide) in paragraph at lines 1702--1702
[]|\T1/lmr/m/n/12 #Fleet| 
 []


Overfull \hbox (10.72821pt too wide) in paragraph at lines 1702--1702
[]|\T1/lmr/m/n/12 Len/Age| 
 []


Underfull \hbox (badness 10000) in paragraph at lines 1702--1702
[]|\T1/lmr/m/n/12 Nselex
 []


Overfull \hbox (4.777pt too wide) in paragraph at lines 1702--1702
[]|\T1/lmr/m/n/12 Growth
 []


Overfull \hbox (4.85785pt too wide) in paragraph at lines 1702--1702
\T1/lmr/m/n/12 Pat-tern| 
 []


Overfull \hbox (10.24098pt too wide) in paragraph at lines 1702--1702
[]|\T1/lmr/m/n/12 Ngrowth
 []


Underfull \vbox (badness 10000) detected at line 1706
 []

[101]
Overfull \hbox (9.48906pt too wide) in paragraph at lines 1724--1729
 [] 
 []


Overfull \hbox (9.48906pt too wide) in paragraph at lines 1732--1737
 [] 
 []

[102]
Overfull \hbox (9.48906pt too wide) in paragraph at lines 1740--1745
 [] 
 []


Overfull \hbox (5.90431pt too wide) in alignment at lines 1748--1762
 [] [] [] [] [] [] [] [] [] [] 
 []

[103]
Overfull \hbox (5.91924pt too wide) in paragraph at lines 1775--1776
[]\T1/lmr/m/n/12 If the pa-ram-e-ter ad-just-ment method is set to a value of 2
, then each pa-ram-e-ter time-varying
 []


Overfull \hbox (5.48772pt too wide) in paragraph at lines 1775--1776
\T1/lmr/m/n/12 within the min-max bounds of the pa-ram-e-ter be-ing ad-justed. 
With this method, mul-ti-plica-tive
 []


Underfull \hbox (badness 10000) in paragraph at lines 1820--1821
[]|\T1/lmr/m/n/12 Block
 []


Overfull \hbox (12.5835pt too wide) in alignment at lines 1817--1824
 [] [] [] [] [] [] [] 
 []

[104] <images/TimeVarying.png, id=1143, 431.36156pt x 321.45094pt>
File: images/TimeVarying.png Graphic file (type png)

<use images/TimeVarying.png>
Package pdftex.def Info: images/TimeVarying.png used on input line 1827.
(pdftex.def)             Requested size: 431.3605pt x 321.45015pt.

Underfull \vbox (badness 10000) detected at line 1858
 []

[105 <./images/TimeVarying.png>] [106]
<images/Beta.png, id=1153, 356.83313pt x 318.43968pt>
File: images/Beta.png Graphic file (type png)
 <use images/Beta.png>
Package pdftex.def Info: images/Beta.png used on input line 1882.
(pdftex.def)             Requested size: 356.83224pt x 318.4389pt.

[107] <images/BetaComparison.png, id=1161, 368.1253pt x 335.75438pt>
File: images/BetaComparison.png Graphic file (type png)

<use images/BetaComparison.png>
Package pdftex.def Info: images/BetaComparison.png used on input line 1904.
(pdftex.def)             Requested size: 368.1244pt x 335.75356pt.
 [108 <./images/Beta.png>]) (11output.tex
Underfull \hbox (badness 10000) in paragraph at lines 3--12

 []


Underfull \hbox (badness 10000) in paragraph at lines 3--12

 []


Underfull \hbox (badness 10000) in paragraph at lines 3--12

 []


Underfull \hbox (badness 10000) in paragraph at lines 3--12

 []

[109 <./images/BetaComparison.png>] [110] [111] [112]
Underfull \hbox (badness 10000) in paragraph at lines 89--216

 []


Overfull \hbox (2.00708pt too wide) in paragraph at lines 89--216
\T1/lmr/m/n/12 8853.43 8658.22 8651.96 8645.41 8638.43 8630.75 <deleted val-ues
> 1594.53 2075.34 #re-cruits;
 []


Underfull \hbox (badness 10000) in paragraph at lines 89--216

 []

[113] [114] [115]
Overfull \hbox (0.2572pt too wide) in paragraph at lines 221--222
\T1/lmr/m/n/12 FORECAST-REPORT.sso: This file con-tains out-put of fish-ery ref
-er-ence points and fore-casts.
 []

[116]
Underfull \hbox (badness 10000) in paragraph at lines 225--228

 []

<images/ManagementReport.png, id=1204, 414.04688pt x 432.11438pt>
File: images/ManagementReport.png Graphic file (type png)

<use images/ManagementReport.png>
Package pdftex.def Info: images/ManagementReport.png used on input line 239.
(pdftex.def)             Requested size: 414.04585pt x 432.11331pt.
 [117] [118 <./images/ManagementReport.png>]
<images/Forecast.png, id=1213, 650.43pt x 295.1025pt>
File: images/Forecast.png Graphic file (type png)

<use images/Forecast.png>
Package pdftex.def Info: images/Forecast.png used on input line 247.
(pdftex.def)             Requested size: 650.4284pt x 295.10176pt.

Overfull \hbox (29.9984pt too wide) in paragraph at lines 247--248
 [] 
 []

[119

 <./images/Forecast.png>] [120

]
<images/HCR.png, id=1222, 417.81094pt x 283.0575pt>
File: images/HCR.png Graphic file (type png)
 <use images/HCR.png>
Package pdftex.def Info: images/HCR.png used on input line 285.
(pdftex.def)             Requested size: 417.80992pt x 283.0568pt.
)
Package atveryend Info: Empty hook `BeforeClearDocument' on input line 102.

[121 <./images/HCR.png>]
Package atveryend Info: Empty hook `AfterLastShipout' on input line 102.
 (SS330_Main.aux)
Package atveryend Info: Executing hook `AtVeryEndDocument' on input line 102.
Package atveryend Info: Executing hook `AtEndAfterFileList' on input line 102.


Package rerunfilecheck Warning: File `SS330_Main.out' has changed.
(rerunfilecheck)                Rerun to get outlines right
(rerunfilecheck)                or use package `bookmark'.

Package rerunfilecheck Info: Checksums for `SS330_Main.out':
(rerunfilecheck)             Before: D1EFAEDCAFCD829CCA96BF449C2D9BA9;7333
(rerunfilecheck)             After:  69ACFDB6A42822D57A17E6B97174C312;7414.
Package atveryend Info: Empty hook `AtVeryVeryEnd' on input line 102.
 ) 
Here is how much of TeX's memory you used:
 8431 strings out of 493698
 119880 string characters out of 3139169
 345683 words of memory out of 3000000
 11148 multiletter control sequences out of 15000+200000
 50307 words of font info for 38 fonts, out of 3000000 for 9000
 1025 hyphenation exceptions out of 8191
 34i,18n,43p,1675b,564s stack positions out of 5000i,500n,10000p,200000b,50000s
pdfTeX warning (dest): name{RandWalk} has been referenced but does not exist,
 replaced by a fixed one

{C:/Users/Chantell.Wetzel/Documents/Latex/fonts/enc/dvips/lm/lm-rm.enc}{C:/User
s/Chantell.Wetzel/Documents/Latex/fonts/enc/dvips/lm/lm-mathsy.enc}{C:/Users/Ch
antell.Wetzel/Documents/Latex/fonts/enc/dvips/lm/lm-mathit.enc}{C:/Users/Chante
ll.Wetzel/Documents/Latex/fonts/enc/dvips/lm/lm-mathex.enc}{C:/Users/Chantell.W
etzel/Documents/Latex/fonts/enc/dvips/lm/lm-ec.enc}<C:/Users/Chantell.Wetzel/Do
cuments/Latex/fonts/type1/public/lm/lmbx12.pfb><C:/Users/Chantell.Wetzel/Docume
nts/Latex/fonts/type1/public/lm/lmex10.pfb><C:/Users/Chantell.Wetzel/Documents/
Latex/fonts/type1/public/lm/lmmi12.pfb><C:/Users/Chantell.Wetzel/Documents/Late
x/fonts/type1/public/lm/lmmi6.pfb><C:/Users/Chantell.Wetzel/Documents/Latex/fon
ts/type1/public/lm/lmmi8.pfb><C:/Users/Chantell.Wetzel/Documents/Latex/fonts/ty
pe1/public/lm/lmr12.pfb><C:/Users/Chantell.Wetzel/Documents/Latex/fonts/type1/p
ublic/lm/lmr17.pfb><C:/Users/Chantell.Wetzel/Documents/Latex/fonts/type1/public
/lm/lmr6.pfb><C:/Users/Chantell.Wetzel/Documents/Latex/fonts/type1/public/lm/lm
r8.pfb><C:/Users/Chantell.Wetzel/Documents/Latex/fonts/type1/public/lm/lmri12.p
fb><C:/Users/Chantell.Wetzel/Documents/Latex/fonts/type1/public/lm/lmsy10.pfb><
C:/Users/Chantell.Wetzel/Documents/Latex/fonts/type1/public/lm/lmsy6.pfb><C:/Us
ers/Chantell.Wetzel/Documents/Latex/fonts/type1/public/lm/lmsy8.pfb><C:/Users/C
hantell.Wetzel/Documents/Latex/fonts/type1/public/lm/lmtt12.pfb>
Output written on SS330_Main.pdf (126 pages, 760075 bytes).
PDF statistics:
 1369 PDF objects out of 1440 (max. 8388607)
 410 named destinations out of 1000 (max. 500000)
 823 words of extra memory for PDF output out of 10000 (max. 10000000)

