\BOOKMARK [1][-]{section*.2}{List of Figures}{}% 1
\BOOKMARK [1][-]{section.1}{Introduction}{}% 2
\BOOKMARK [1][-]{section.2}{New Features 3.30}{}% 3
\BOOKMARK [1][-]{section.3}{File Organization}{}% 4
\BOOKMARK [2][-]{subsection.3.1}{Input Files}{section.3}% 5
\BOOKMARK [2][-]{subsection.3.2}{Output Files}{section.3}% 6
\BOOKMARK [2][-]{subsection.3.3}{Auxiliary Files}{section.3}% 7
\BOOKMARK [1][-]{section.4}{Starting SS}{}% 8
\BOOKMARK [1][-]{section.5}{Computer Requirements and Recommendations}{}% 9
\BOOKMARK [1][-]{section.6}{Starter}{}% 10
\BOOKMARK [2][-]{subsection.6.1}{Jitter}{section.6}% 11
\BOOKMARK [1][-]{section.7}{Forecast}{}% 12
\BOOKMARK [1][-]{section.8}{Optional Inputs}{}% 13
\BOOKMARK [2][-]{subsection.8.1}{Empirical Weight-at-Age \(wtatage.ss\)}{section.8}% 14
\BOOKMARK [2][-]{subsection.8.2}{runnumbers.ss}{section.8}% 15
\BOOKMARK [2][-]{subsection.8.3}{profilevalues.ss}{section.8}% 16
\BOOKMARK [1][-]{section.9}{Data File}{}% 17
\BOOKMARK [2][-]{subsection.9.1}{Overview of Data File}{section.9}% 18
\BOOKMARK [2][-]{subsection.9.2}{Units of Measure}{section.9}% 19
\BOOKMARK [2][-]{subsection.9.3}{Time Units}{section.9}% 20
\BOOKMARK [2][-]{subsection.9.4}{Data File Syntax}{section.9}% 21
\BOOKMARK [3][-]{subsubsection.9.4.1}{Model Dimensions}{subsection.9.4}% 22
\BOOKMARK [3][-]{subsubsection.9.4.2}{Fleet Definitions }{subsection.9.4}% 23
\BOOKMARK [3][-]{subsubsection.9.4.3}{Catch}{subsection.9.4}% 24
\BOOKMARK [3][-]{subsubsection.9.4.4}{Abundance Indices}{subsection.9.4}% 25
\BOOKMARK [3][-]{subsubsection.9.4.5}{Discard}{subsection.9.4}% 26
\BOOKMARK [3][-]{subsubsection.9.4.6}{Mean Body Weight}{subsection.9.4}% 27
\BOOKMARK [3][-]{subsubsection.9.4.7}{Population Length Bins}{subsection.9.4}% 28
\BOOKMARK [3][-]{subsubsection.9.4.8}{Length Composition Data}{subsection.9.4}% 29
\BOOKMARK [3][-]{subsubsection.9.4.9}{Age Composition Bin Setup}{subsection.9.4}% 30
\BOOKMARK [3][-]{subsubsection.9.4.10}{Ageing Error}{subsection.9.4}% 31
\BOOKMARK [3][-]{subsubsection.9.4.11}{Conditional Age'-at-Length}{subsection.9.4}% 32
\BOOKMARK [3][-]{subsubsection.9.4.12}{Sex Ratio-at-Length}{subsection.9.4}% 33
\BOOKMARK [3][-]{subsubsection.9.4.13}{Mean Length or Body Weight-at-Age}{subsection.9.4}% 34
\BOOKMARK [3][-]{subsubsection.9.4.14}{Environmental Data}{subsection.9.4}% 35
\BOOKMARK [3][-]{subsubsection.9.4.15}{Generalized Size Composition Data}{subsection.9.4}% 36
\BOOKMARK [3][-]{subsubsection.9.4.16}{Tag-Recapture Data}{subsection.9.4}% 37
\BOOKMARK [3][-]{subsubsection.9.4.17}{Stock Composition Data}{subsection.9.4}% 38
\BOOKMARK [3][-]{subsubsection.9.4.18}{Excluding Data}{subsection.9.4}% 39
\BOOKMARK [3][-]{subsubsection.9.4.19}{Data Super Periods}{subsection.9.4}% 40
\BOOKMARK [1][-]{section.10}{Control File}{}% 41
\BOOKMARK [2][-]{subsection.10.1}{Overview of Control File}{section.10}% 42
\BOOKMARK [2][-]{subsection.10.2}{Parameter Line Elements}{section.10}% 43
\BOOKMARK [2][-]{subsection.10.3}{Control File Syntax}{section.10}% 44
\BOOKMARK [3][-]{subsubsection.10.3.1}{Biology}{subsection.10.3}% 45
\BOOKMARK [3][-]{subsubsection.10.3.2}{Read Mortality-Growth Parameters}{subsection.10.3}% 46
\BOOKMARK [3][-]{subsubsection.10.3.3}{Natural Mortality Notes}{subsection.10.3}% 47
\BOOKMARK [3][-]{subsubsection.10.3.4}{Growth Notes}{subsection.10.3}% 48
\BOOKMARK [3][-]{subsubsection.10.3.5}{Growth Patterns \(morphs\) and Sub-Morphs}{subsection.10.3}% 49
\BOOKMARK [3][-]{subsubsection.10.3.6}{Recruitment, Age, and Growth}{subsection.10.3}% 50
\BOOKMARK [3][-]{subsubsection.10.3.7}{Cohort Growth Deviation}{subsection.10.3}% 51
\BOOKMARK [3][-]{subsubsection.10.3.8}{Movement Parameters}{subsection.10.3}% 52
\BOOKMARK [3][-]{subsubsection.10.3.9}{Recruitment Allocation and Movement Parameters}{subsection.10.3}% 53
\BOOKMARK [3][-]{subsubsection.10.3.10}{Catch Multiplier}{subsection.10.3}% 54
\BOOKMARK [3][-]{subsubsection.10.3.11}{Ageing Error Parameters}{subsection.10.3}% 55
\BOOKMARK [3][-]{subsubsection.10.3.12}{Time-Varying Biology Parameters}{subsection.10.3}% 56
\BOOKMARK [3][-]{subsubsection.10.3.13}{Notes on Seasonal Biology Parameters}{subsection.10.3}% 57
\BOOKMARK [3][-]{subsubsection.10.3.14}{Empirical Weight-at-Age \(wtatage.ss\)}{subsection.10.3}% 58
\BOOKMARK [3][-]{subsubsection.10.3.15}{Spawner-Recruitment}{subsection.10.3}% 59
\BOOKMARK [3][-]{subsubsection.10.3.16}{Spawner-Recruitment Function}{subsection.10.3}% 60
\BOOKMARK [3][-]{subsubsection.10.3.17}{Recruitment Eras}{subsection.10.3}% 61
\BOOKMARK [3][-]{subsubsection.10.3.18}{Recruitment Likelihood}{subsection.10.3}% 62
\BOOKMARK [3][-]{subsubsection.10.3.19}{Recruitment Bias Adjustment}{subsection.10.3}% 63
\BOOKMARK [3][-]{subsubsection.10.3.20}{Recruitment Autocorrelation}{subsection.10.3}% 64
\BOOKMARK [3][-]{subsubsection.10.3.21}{Recruitment Cycle}{subsection.10.3}% 65
\BOOKMARK [3][-]{subsubsection.10.3.22}{Initial Age Composition}{subsection.10.3}% 66
\BOOKMARK [3][-]{subsubsection.10.3.23}{Fishing Mortality Method}{subsection.10.3}% 67
\BOOKMARK [3][-]{subsubsection.10.3.24}{Initial Fishing Mortality}{subsection.10.3}% 68
\BOOKMARK [3][-]{subsubsection.10.3.25}{Catchability}{subsection.10.3}% 69
\BOOKMARK [3][-]{subsubsection.10.3.26}{Selectivity and Discard}{subsection.10.3}% 70
\BOOKMARK [3][-]{subsubsection.10.3.27}{Selectivity Patterns}{subsection.10.3}% 71
\BOOKMARK [3][-]{subsubsection.10.3.28}{Selectivity Pattern Details}{subsection.10.3}% 72
\BOOKMARK [3][-]{subsubsection.10.3.29}{Retention}{subsection.10.3}% 73
\BOOKMARK [3][-]{subsubsection.10.3.30}{Discard Mortality}{subsection.10.3}% 74
\BOOKMARK [3][-]{subsubsection.10.3.31}{Male Selectivity}{subsection.10.3}% 75
\BOOKMARK [3][-]{subsubsection.10.3.32}{Reading the Selectivity and Retention Parameters}{subsection.10.3}% 76
\BOOKMARK [3][-]{subsubsection.10.3.33}{Tag Recapture Parameters}{subsection.10.3}% 77
\BOOKMARK [3][-]{subsubsection.10.3.34}{Variance Adjustment Factors}{subsection.10.3}% 78
\BOOKMARK [3][-]{subsubsection.10.3.35}{Lambdas \(Emphasis Factors\)}{subsection.10.3}% 79
\BOOKMARK [3][-]{subsubsection.10.3.36}{Controls for Variance of Derived Quantities}{subsection.10.3}% 80
\BOOKMARK [3][-]{subsubsection.10.3.37}{Time-Varying Parameter Options}{subsection.10.3}% 81
\BOOKMARK [3][-]{subsubsection.10.3.38}{Parameter Priors}{subsection.10.3}% 82
\BOOKMARK [1][-]{section.11}{Output Files}{}% 83
\BOOKMARK [2][-]{subsection.11.1}{Standard ADMB output files}{section.11}% 84
\BOOKMARK [2][-]{subsection.11.2}{Derived Quantities}{section.11}% 85
\BOOKMARK [3][-]{subsubsection.11.2.1}{Metric for Fishing Mortality}{subsection.11.2}% 86
\BOOKMARK [3][-]{subsubsection.11.2.2}{Equilibrium SPR}{subsection.11.2}% 87
\BOOKMARK [3][-]{subsubsection.11.2.3}{F std}{subsection.11.2}% 88
\BOOKMARK [3][-]{subsubsection.11.2.4}{F-at-Age}{subsection.11.2}% 89
\BOOKMARK [3][-]{subsubsection.11.2.5}{MSY and other Benchmark Items}{subsection.11.2}% 90
\BOOKMARK [2][-]{subsection.11.3}{Brief cumulative output}{section.11}% 91
\BOOKMARK [2][-]{subsection.11.4}{Output for Rebuilder Package}{section.11}% 92
\BOOKMARK [2][-]{subsection.11.5}{Bootstrap Data Files}{section.11}% 93
\BOOKMARK [2][-]{subsection.11.6}{Forecast and Reference Points}{section.11}% 94
\BOOKMARK [2][-]{subsection.11.7}{Main Output File, report.sso}{section.11}% 95
\BOOKMARK [1][-]{section.12}{Running SS}{}% 96
\BOOKMARK [2][-]{subsection.12.1}{Example of DOS batch input file}{section.12}% 97
\BOOKMARK [3][-]{subsubsection.12.1.1}{Simple Batch}{subsection.12.1}% 98
\BOOKMARK [3][-]{subsubsection.12.1.2}{Complicated Batch}{subsection.12.1}% 99
\BOOKMARK [3][-]{subsubsection.12.1.3}{Batch Using PROFILEVALUES.SS}{subsection.12.1}% 100
\BOOKMARK [3][-]{subsubsection.12.1.4}{Re-Starting a Run}{subsection.12.1}% 101
\BOOKMARK [3][-]{subsubsection.12.1.5}{Debugging Tips}{subsection.12.1}% 102
\BOOKMARK [3][-]{subsubsection.12.1.6}{Keyboard Tips}{subsection.12.1}% 103
\BOOKMARK [3][-]{subsubsection.12.1.7}{Running MCMC}{subsection.12.1}% 104
\BOOKMARK [3][-]{subsubsection.12.1.8}{Using R To View Model Output}{subsection.12.1}% 105
\BOOKMARK [1][-]{section.13}{Special Set-ups}{}% 106
\BOOKMARK [2][-]{subsection.13.1}{Continuous seasonal recruitment}{section.13}% 107
\BOOKMARK [1][-]{section.14}{Change Log}{}% 108
\BOOKMARK [1][-]{section.15}{Appendix A }{}% 109
\BOOKMARK [2][-]{subsection.15.1}{Recruitment Variability and Bias Correction}{section.15}% 110
\BOOKMARK [3][-]{subsubsection.15.1.1}{Issues with Including Environmental Effects}{subsection.15.1}% 111
\BOOKMARK [3][-]{subsubsection.15.1.2}{Initial Age Composition}{subsection.15.1}% 112
\BOOKMARK [1][-]{section.16}{Appendix B}{}% 113
\BOOKMARK [2][-]{subsection.16.1}{Forecast Module}{section.16}% 114
\BOOKMARK [3][-]{subsubsection.16.1.1}{Introduction}{subsection.16.1}% 115
\BOOKMARK [3][-]{subsubsection.16.1.2}{Multiple Pass Forecast}{subsection.16.1}% 116
\BOOKMARK [3][-]{subsubsection.16.1.3}{Example Effects on Correlations}{subsection.16.1}% 117
\BOOKMARK [3][-]{subsubsection.16.1.4}{Future Work}{subsection.16.1}% 118
\BOOKMARK [1][-]{section.17}{Example Input Files}{}% 119
\BOOKMARK [2][-]{subsection.17.1}{Starter File}{section.17}% 120
\BOOKMARK [2][-]{subsection.17.2}{Run Number}{section.17}% 121
\BOOKMARK [2][-]{subsection.17.3}{Profile Values}{section.17}% 122
\BOOKMARK [2][-]{subsection.17.4}{Forecast File}{section.17}% 123
\BOOKMARK [2][-]{subsection.17.5}{Control File}{section.17}% 124
\BOOKMARK [2][-]{subsection.17.6}{Data File}{section.17}% 125
